[debug] > Exec(early(addDefaultCommands), None, None)
[debug] > Exec(addDefaultCommands, None, None)
[debug] > Exec(early(initialize), None, None)
[debug] > Exec(initialize, None, None)
[debug] > Exec(early(addPluginSbtFile="""C:\Users\jeanp\AppData\Local\Temp\idea3.sbt"""), None, None)
[debug] > Exec(addPluginSbtFile="""C:\Users\jeanp\AppData\Local\Temp\idea3.sbt""", None, None)
[debug] > Exec(boot, None, None)
[debug] > Exec(writeSbtVersion, None, None)
[debug] > Exec(reload, None, None)
[debug] > Exec(sbtStashOnFailure, None, None)
[debug] > Exec(onFailure loadFailed, None, None)
[debug] > Exec(loadp, None, None)
[info] welcome to sbt 1.10.11 (BellSoft Java 21.0.7)
[debug] Load.defaultLoad until apply took 101.3967ms
[debug]           Load.loadUnit: plugins took 82.5236ms
[debug]           Load.loadUnit: defsScala took 0.388ms
[debug] [Loading] Scanning directory C:\Users\jeanp\Documents\programming\University\proyecto-funcional\project
[debug]             Load.loadUnit: mkEval took 8.3426ms
[debug] [Loading] Found non-root projects 
[debug] [Loading] Done in C:\Users\jeanp\Documents\programming\University\proyecto-funcional\project, returning: ()
[debug] deducing auto plugins based on known facts Set(Atom(sbt.plugins.CorePlugin)) and clauses Clauses(Clause(Atom(sbt.plugins.JvmPlugin),Set(Atom(sbt.plugins.IvyPlugin)))
[debug] Clause(Atom(sbt.ScriptedPlugin),Set(Atom(sbt.plugins.JvmPlugin)))
[debug] Clause(Atom(sbt.plugins.SbtPlugin),Set(Atom(sbt.ScriptedPlugin)))
[debug] Clause(Atom(sbt.plugins.SemanticdbPlugin),Set(Atom(sbt.plugins.JvmPlugin)))
[debug] Clause(Atom(sbt.plugins.JUnitXmlReportPlugin),Set(Atom(sbt.plugins.JvmPlugin)))
[debug] Clause(Atom(sbt.plugins.MiniDependencyTreePlugin),Set(Atom(sbt.plugins.JvmPlugin)))
[debug] Clause(Atom(sbt.plugins.CorePlugin),Set(Atom(sbt.plugins.IvyPlugin)))
[debug] Clause(Atom(sbt.plugins.IvyPlugin),Set(Atom(sbt.plugins.JvmPlugin)))
[debug] Clause(Atom(sbt.plugins.JvmPlugin),Set(Atom(sbt.plugins.SemanticdbPlugin)))
[debug] Clause(Atom(sbt.plugins.JvmPlugin),Set(Atom(sbt.plugins.JUnitXmlReportPlugin)))
[debug] Clause(Atom(sbt.plugins.CorePlugin),Set(Atom(sbt.plugins.Giter8TemplatePlugin)))
[debug] Clause(Atom(sbt.plugins.JvmPlugin),Set(Atom(sbt.plugins.MiniDependencyTreePlugin))))
[debug]   :: deduced result: Matched(sbt.plugins.CorePlugin,sbt.plugins.Giter8TemplatePlugin,sbt.plugins.IvyPlugin,sbt.plugins.JvmPlugin,sbt.plugins.MiniDependencyTreePlugin,sbt.plugins.JUnitXmlReportPlugin,sbt.plugins.SemanticdbPlugin)
[debug] Plugins.deducer#function took 15.0916 ms
[info] loading settings for project proyecto-funcional-build from idea3.sbt...
[debug]               Load.resolveProject(proyecto-funcional-build) took 43.6519ms
[debug]             Load.loadTransitive: finalizeProject(Project(id proyecto-funcional-build, base: C:\Users\jeanp\Documents\programming\University\proyecto-funcional\project, plugins: List(<none>))) took 79.4811ms
[debug] [Loading] Done in C:\Users\jeanp\Documents\programming\University\proyecto-funcional\project, returning: (proyecto-funcional-build)
[debug]           Load.loadUnit: loadedProjectsRaw took 332.985ms
[debug]           Load.loadUnit: cleanEvalClasses took 10.2091ms
[debug]         Load.loadUnit(file:/C:/Users/jeanp/Documents/programming/University/proyecto-funcional/project/, ...) took 432.9403ms
[debug]       Load.apply: load took 936.7006ms
[debug]       Load.apply: resolveProjects took 7.0078ms
[debug]       Load.apply: finalTransforms took 78.8122ms
[debug]       Load.apply: config.delegates took 12.9658ms
[debug]       Load.apply: Def.make(settings)... took 610.622ms
[debug]       Load.apply: structureIndex took 113.3163ms
[debug]       Load.apply: mkStreams took 1.4431ms
[info] loading project definition from C:\Users\jeanp\Documents\programming\University\proyecto-funcional\project
[debug] Running task... Cancel: Signal, check cycles: false, forcegc: true
[debug]     Load.loadUnit: plugins took 4376.0982ms
[debug]     Load.loadUnit: defsScala took 0.0065ms
[debug] [Loading] Scanning directory C:\Users\jeanp\Documents\programming\University\proyecto-funcional
[debug]       Load.loadUnit: mkEval took 0.7084ms
[debug] [Loading] Found root project root w/ remaining 
[debug] deducing auto plugins based on known facts Set(Atom(sbt.plugins.CorePlugin)) and clauses Clauses(Clause(Atom(sbt.plugins.JvmPlugin),Set(Atom(sbt.plugins.IvyPlugin)))
[debug] Clause(Atom(sbt.ScriptedPlugin),Set(Atom(sbt.plugins.JvmPlugin)))
[debug] Clause(Atom(sbt.plugins.SbtPlugin),Set(Atom(sbt.ScriptedPlugin)))
[debug] Clause(Atom(sbt.plugins.SemanticdbPlugin),Set(Atom(sbt.plugins.JvmPlugin)))
[debug] Clause(Atom(sbt.plugins.JUnitXmlReportPlugin),Set(Atom(sbt.plugins.JvmPlugin)))
[debug] Clause(Atom(sbt.plugins.MiniDependencyTreePlugin),Set(Atom(sbt.plugins.JvmPlugin)))
[debug] Clause(Atom(org.jetbrains.sbt.StructurePlugin),Set(Atom(sbt.plugins.JvmPlugin)))
[debug] Clause(Atom(org.jetbrains.sbt.IdeaShellPlugin),Set(Atom(sbt.plugins.JvmPlugin)))
[debug] Clause(Atom(org.jetbrains.sbt.indices.SbtIntellijIndicesPlugin),Set(Atom(sbt.plugins.JvmPlugin)))
[debug] Clause(Atom(sbt.plugins.CorePlugin),Set(Atom(sbt.plugins.IvyPlugin)))
[debug] Clause(Atom(sbt.plugins.IvyPlugin),Set(Atom(sbt.plugins.JvmPlugin)))
[debug] Clause(Atom(sbt.plugins.JvmPlugin),Set(Atom(sbt.plugins.SemanticdbPlugin)))
[debug] Clause(Atom(sbt.plugins.JvmPlugin),Set(Atom(sbt.plugins.JUnitXmlReportPlugin)))
[debug] Clause(Atom(sbt.plugins.CorePlugin),Set(Atom(sbt.plugins.Giter8TemplatePlugin)))
[debug] Clause(Atom(sbt.plugins.JvmPlugin),Set(Atom(sbt.plugins.MiniDependencyTreePlugin)))
[debug] Clause(Atom(sbt.plugins.JvmPlugin),Set(Atom(org.jetbrains.sbt.StructurePlugin)))
[debug] Clause(Atom(sbt.plugins.JvmPlugin),Set(Atom(org.jetbrains.sbt.IdeaShellPlugin)))
[debug] Clause(And(Set(Atom(sbt.plugins.CorePlugin), Atom(sbt.plugins.JvmPlugin))),Set(Atom(org.jetbrains.sbt.indices.SbtIntellijIndicesPlugin))))
[debug]   :: deduced result: Matched(sbt.plugins.CorePlugin,sbt.plugins.Giter8TemplatePlugin,sbt.plugins.IvyPlugin,sbt.plugins.JvmPlugin,sbt.plugins.SemanticdbPlugin,org.jetbrains.sbt.indices.SbtIntellijIndicesPlugin,sbt.plugins.JUnitXmlReportPlugin,org.jetbrains.sbt.IdeaShellPlugin,org.jetbrains.sbt.StructurePlugin,sbt.plugins.MiniDependencyTreePlugin)
[debug] Plugins.deducer#function took 2.7455 ms
[info] loading settings for project root from build.sbt...
[debug]         Load.resolveProject(root) took 36.8566ms
[debug]       Load.loadTransitive: finalizeProject(Project(id root, base: C:\Users\jeanp\Documents\programming\University\proyecto-funcional, plugins: List(<none>))) took 40.962ms
[debug] [Loading] Done in C:\Users\jeanp\Documents\programming\University\proyecto-funcional, returning: (root)
[debug]     Load.loadUnit: loadedProjectsRaw took 124.5799ms
[debug]     Load.loadUnit: cleanEvalClasses took 16.7801ms
[debug]   Load.loadUnit(file:/C:/Users/jeanp/Documents/programming/University/proyecto-funcional/, ...) took 4521.1027ms
[debug] Load.apply: load took 4540.0832ms
[debug] Load.apply: resolveProjects took 0.1396ms
[debug] Load.apply: finalTransforms took 42.5055ms
[debug] Load.apply: config.delegates took 0.3559ms
[debug] Load.apply: Def.make(settings)... took 95.2025ms
[debug] Load.apply: structureIndex took 31.2901ms
[debug] Load.apply: mkStreams took 0.0021ms
[info] set current project to proyecto-funcional (in build file:/C:/Users/jeanp/Documents/programming/University/proyecto-funcional/)
[debug] > Exec(sbtPopOnFailure, None, None)
[debug] > Exec(resumeFromFailure, None, None)
[debug] > Exec(notifyUsersAboutShell, None, None)
[debug] > Exec(iflast shell, None, None)
[debug] > Exec(; set ideaPort in Global := 51478 ; idea-shell, None, None)
[debug] > Exec(set ideaPort in Global := 51478, None, None)
[info] Defining Global / ideaPort
[info] The new value will be used by Compile / compile, Test / compile
[debug] Defining 
[debug] 	Global / ideaPort
[debug] 
[debug] The new value will be used by 
[debug] 	Compile / compile
[debug] 	Test / compile
[info] Reapplying settings...
[info] set current project to proyecto-funcional (in build file:/C:/Users/jeanp/Documents/programming/University/proyecto-funcional/)
[debug] > Exec(idea-shell, None, None)
