[0m[[0m[0mdebug[0m] [0m[0m> Exec(;reload; set _root_.org.jetbrains.sbt.StructureKeys.sbtStructureOptions in Global := "download, resolveSourceClassifiers" ;preferScala2;*/*:dumpStructureTo /tmp/sbt-structure.xml; session clear-all, None, None)[0m
[0m[[0m[0mdebug[0m] [0m[0m> Exec(reload, None, None)[0m
[0m[[0m[0mdebug[0m] [0m[0m> Exec(sbtStashOnFailure, None, None)[0m
[0m[[0m[0mdebug[0m] [0m[0m> Exec(onFailure loadFailed, None, None)[0m
[0m[[0m[0mdebug[0m] [0m[0m> Exec(loadp, None, None)[0m
[0m[[0m[0minfo[0m] [0m[0mwelcome to sbt 1.10.11 (BellSoft Java 21.0.6)[0m
[0m[[0m[0mdebug[0m] [0m[0mLoad.defaultLoad until apply took 2.42372ms[0m
[0m[[0m[0mdebug[0m] [0m[0m          Load.loadUnit: plugins took 36.10706ms[0m
[0m[[0m[0mdebug[0m] [0m[0m          Load.loadUnit: defsScala took 0.004406ms[0m
[0m[[0m[0mdebug[0m] [0m[0m[Loading] Scanning directory /home/juan/Documentos/proyecto-funcional/project[0m
[0m[[0m[0mdebug[0m] [0m[0m            Load.loadUnit: mkEval took 0.218086ms[0m
[0m[[0m[0mdebug[0m] [0m[0m[Loading] Found non-root projects [0m
[0m[[0m[0mdebug[0m] [0m[0m[Loading] Done in /home/juan/Documentos/proyecto-funcional/project, returning: ()[0m
[0m[[0m[0mdebug[0m] [0m[0mdeducing auto plugins based on known facts Set(Atom(sbt.plugins.CorePlugin)) and clauses Clauses(Clause(Atom(sbt.plugins.JvmPlugin),Set(Atom(sbt.plugins.IvyPlugin)))[0m
[0m[[0m[0mdebug[0m] [0m[0mClause(Atom(sbt.ScriptedPlugin),Set(Atom(sbt.plugins.JvmPlugin)))[0m
[0m[[0m[0mdebug[0m] [0m[0mClause(Atom(sbt.plugins.SbtPlugin),Set(Atom(sbt.ScriptedPlugin)))[0m
[0m[[0m[0mdebug[0m] [0m[0mClause(Atom(sbt.plugins.SemanticdbPlugin),Set(Atom(sbt.plugins.JvmPlugin)))[0m
[0m[[0m[0mdebug[0m] [0m[0mClause(Atom(sbt.plugins.JUnitXmlReportPlugin),Set(Atom(sbt.plugins.JvmPlugin)))[0m
[0m[[0m[0mdebug[0m] [0m[0mClause(Atom(sbt.plugins.MiniDependencyTreePlugin),Set(Atom(sbt.plugins.JvmPlugin)))[0m
[0m[[0m[0mdebug[0m] [0m[0mClause(Atom(sbt.plugins.CorePlugin),Set(Atom(sbt.plugins.IvyPlugin)))[0m
[0m[[0m[0mdebug[0m] [0m[0mClause(Atom(sbt.plugins.IvyPlugin),Set(Atom(sbt.plugins.JvmPlugin)))[0m
[0m[[0m[0mdebug[0m] [0m[0mClause(Atom(sbt.plugins.JvmPlugin),Set(Atom(sbt.plugins.SemanticdbPlugin)))[0m
[0m[[0m[0mdebug[0m] [0m[0mClause(Atom(sbt.plugins.JvmPlugin),Set(Atom(sbt.plugins.JUnitXmlReportPlugin)))[0m
[0m[[0m[0mdebug[0m] [0m[0mClause(Atom(sbt.plugins.CorePlugin),Set(Atom(sbt.plugins.Giter8TemplatePlugin)))[0m
[0m[[0m[0mdebug[0m] [0m[0mClause(Atom(sbt.plugins.JvmPlugin),Set(Atom(sbt.plugins.MiniDependencyTreePlugin))))[0m
[0m[[0m[0mdebug[0m] [0m[0m  :: deduced result: Matched(sbt.plugins.CorePlugin,sbt.plugins.Giter8TemplatePlugin,sbt.plugins.IvyPlugin,sbt.plugins.JvmPlugin,sbt.plugins.MiniDependencyTreePlugin,sbt.plugins.JUnitXmlReportPlugin,sbt.plugins.SemanticdbPlugin)[0m
[0m[[0m[0mdebug[0m] [0m[0mPlugins.deducer#function took 1.561913 ms[0m
[0m[[0m[0minfo[0m] [0m[0mloading settings for project proyecto-funcional-build from idea.sbt...[0m
[0m[[0m[0mdebug[0m] [0m[0m              Load.resolveProject(proyecto-funcional-build) took 1.616238ms[0m
[0m[[0m[0mdebug[0m] [0m[0m            Load.loadTransitive: finalizeProject(Project(id proyecto-funcional-build, base: /home/juan/Documentos/proyecto-funcional/project, plugins: List(<none>))) took 9.762923ms[0m
[0m[[0m[0mdebug[0m] [0m[0m[Loading] Done in /home/juan/Documentos/proyecto-funcional/project, returning: (proyecto-funcional-build)[0m
[0m[[0m[0mdebug[0m] [0m[0m          Load.loadUnit: loadedProjectsRaw took 36.542638ms[0m
[0m[[0m[0mdebug[0m] [0m[0m          Load.loadUnit: cleanEvalClasses took 0.598826ms[0m
[0m[[0m[0mdebug[0m] [0m[0m        Load.loadUnit(file:/home/juan/Documentos/proyecto-funcional/project/, ...) took 73.858766ms[0m
[0m[[0m[0mdebug[0m] [0m[0m      Load.apply: load took 75.319857ms[0m
[0m[[0m[0mdebug[0m] [0m[0m      Load.apply: resolveProjects took 0.138098ms[0m
[0m[[0m[0mdebug[0m] [0m[0m      Load.apply: finalTransforms took 24.524702ms[0m
[0m[[0m[0mdebug[0m] [0m[0m      Load.apply: config.delegates took 0.479508ms[0m
[0m[[0m[0mdebug[0m] [0m[0m      Load.apply: Def.make(settings)... took 163.14404ms[0m
[0m[[0m[0mdebug[0m] [0m[0m      Load.apply: structureIndex took 93.524955ms[0m
[0m[[0m[0mdebug[0m] [0m[0m      Load.apply: mkStreams took 0.003023ms[0m
[0m[[0m[0minfo[0m] [0m[0mloading project definition from /home/juan/Documentos/proyecto-funcional/project[0m
[0m[[0m[0mdebug[0m] [0m[0mRunning task... Cancel: Signal, check cycles: false, forcegc: true[0m
[0m[[0m[0mdebug[0m] [0m[0m    Load.loadUnit: plugins took 928.186848ms[0m
[0m[[0m[0mdebug[0m] [0m[0m    Load.loadUnit: defsScala took 0.004837ms[0m
[0m[[0m[0mdebug[0m] [0m[0m[Loading] Scanning directory /home/juan/Documentos/proyecto-funcional[0m
[0m[[0m[0mdebug[0m] [0m[0m      Load.loadUnit: mkEval took 0.17077ms[0m
[0m[[0m[0mdebug[0m] [0m[0m[Loading] Found root project root w/ remaining [0m
[0m[[0m[0mdebug[0m] [0m[0mdeducing auto plugins based on known facts Set(Atom(sbt.plugins.CorePlugin)) and clauses Clauses(Clause(Atom(sbt.plugins.JvmPlugin),Set(Atom(sbt.plugins.IvyPlugin)))[0m
[0m[[0m[0mdebug[0m] [0m[0mClause(Atom(sbt.ScriptedPlugin),Set(Atom(sbt.plugins.JvmPlugin)))[0m
[0m[[0m[0mdebug[0m] [0m[0mClause(Atom(sbt.plugins.SbtPlugin),Set(Atom(sbt.ScriptedPlugin)))[0m
[0m[[0m[0mdebug[0m] [0m[0mClause(Atom(sbt.plugins.SemanticdbPlugin),Set(Atom(sbt.plugins.JvmPlugin)))[0m
[0m[[0m[0mdebug[0m] [0m[0mClause(Atom(sbt.plugins.JUnitXmlReportPlugin),Set(Atom(sbt.plugins.JvmPlugin)))[0m
[0m[[0m[0mdebug[0m] [0m[0mClause(Atom(sbt.plugins.MiniDependencyTreePlugin),Set(Atom(sbt.plugins.JvmPlugin)))[0m
[0m[[0m[0mdebug[0m] [0m[0mClause(Atom(org.jetbrains.sbt.StructurePlugin),Set(Atom(sbt.plugins.JvmPlugin)))[0m
[0m[[0m[0mdebug[0m] [0m[0mClause(Atom(org.jetbrains.sbt.IdeaShellPlugin),Set(Atom(sbt.plugins.JvmPlugin)))[0m
[0m[[0m[0mdebug[0m] [0m[0mClause(Atom(sbt.plugins.CorePlugin),Set(Atom(sbt.plugins.IvyPlugin)))[0m
[0m[[0m[0mdebug[0m] [0m[0mClause(Atom(sbt.plugins.IvyPlugin),Set(Atom(sbt.plugins.JvmPlugin)))[0m
[0m[[0m[0mdebug[0m] [0m[0mClause(Atom(sbt.plugins.JvmPlugin),Set(Atom(sbt.plugins.SemanticdbPlugin)))[0m
[0m[[0m[0mdebug[0m] [0m[0mClause(Atom(sbt.plugins.JvmPlugin),Set(Atom(sbt.plugins.JUnitXmlReportPlugin)))[0m
[0m[[0m[0mdebug[0m] [0m[0mClause(Atom(sbt.plugins.CorePlugin),Set(Atom(sbt.plugins.Giter8TemplatePlugin)))[0m
[0m[[0m[0mdebug[0m] [0m[0mClause(Atom(sbt.plugins.JvmPlugin),Set(Atom(sbt.plugins.MiniDependencyTreePlugin)))[0m
[0m[[0m[0mdebug[0m] [0m[0mClause(Atom(sbt.plugins.JvmPlugin),Set(Atom(org.jetbrains.sbt.StructurePlugin)))[0m
[0m[[0m[0mdebug[0m] [0m[0mClause(Atom(sbt.plugins.JvmPlugin),Set(Atom(org.jetbrains.sbt.IdeaShellPlugin))))[0m
[0m[[0m[0mdebug[0m] [0m[0m  :: deduced result: Matched(sbt.plugins.CorePlugin,sbt.plugins.Giter8TemplatePlugin,sbt.plugins.IvyPlugin,sbt.plugins.JvmPlugin,sbt.plugins.SemanticdbPlugin,sbt.plugins.JUnitXmlReportPlugin,org.jetbrains.sbt.IdeaShellPlugin,org.jetbrains.sbt.StructurePlugin,sbt.plugins.MiniDependencyTreePlugin)[0m
[0m[[0m[0mdebug[0m] [0m[0mPlugins.deducer#function took 1.670896 ms[0m
[0m[[0m[0minfo[0m] [0m[0mloading settings for project root from build.sbt...[0m
[0m[[0m[0mdebug[0m] [0m[0m        Load.resolveProject(root) took 48.303401ms[0m
[0m[[0m[0mdebug[0m] [0m[0m      Load.loadTransitive: finalizeProject(Project(id root, base: /home/juan/Documentos/proyecto-funcional, plugins: List(<none>))) took 50.626907ms[0m
[0m[[0m[0mdebug[0m] [0m[0m[Loading] Done in /home/juan/Documentos/proyecto-funcional, returning: (root)[0m
[0m[[0m[0mdebug[0m] [0m[0m    Load.loadUnit: loadedProjectsRaw took 111.525206ms[0m
[0m[[0m[0mdebug[0m] [0m[0m    Load.loadUnit: cleanEvalClasses took 1.242244ms[0m
[0m[[0m[0mdebug[0m] [0m[0m  Load.loadUnit(file:/home/juan/Documentos/proyecto-funcional/, ...) took 1041.690414ms[0m
[0m[[0m[0mdebug[0m] [0m[0mLoad.apply: load took 1043.742308ms[0m
[0m[[0m[0mdebug[0m] [0m[0mLoad.apply: resolveProjects took 0.162725ms[0m
[0m[[0m[0mdebug[0m] [0m[0mLoad.apply: finalTransforms took 39.056827ms[0m
[0m[[0m[0mdebug[0m] [0m[0mLoad.apply: config.delegates took 0.471031ms[0m
[0m[[0m[0mdebug[0m] [0m[0mLoad.apply: Def.make(settings)... took 137.298572ms[0m
[0m[[0m[0mdebug[0m] [0m[0mLoad.apply: structureIndex took 73.635273ms[0m
[0m[[0m[0mdebug[0m] [0m[0mLoad.apply: mkStreams took 0.003621ms[0m
[0m[[0m[0minfo[0m] [0m[0mset current project to proyecto-funcional (in build file:/home/juan/Documentos/proyecto-funcional/)[0m
[0m[[0m[0mdebug[0m] [0m[0m> Exec(sbtPopOnFailure, None, None)[0m
[0m[[0m[0mdebug[0m] [0m[0m> Exec(resumeFromFailure, None, None)[0m
[0m[[0m[0mdebug[0m] [0m[0m> Exec(set _root_.org.jetbrains.sbt.StructureKeys.sbtStructureOptions in Global := "download, resolveSourceClassifiers", None, None)[0m
[0m[[0m[0minfo[0m] [0m[0mDefining Global / sbtStructureOptions[0m
[0m[[0m[0minfo[0m] [0m[0mThe new value will be used by Global / ssOptions[0m
[0m[[0m[0mdebug[0m] [0m[0mDefining [0m
[0m[[0m[0mdebug[0m] [0m[0m	Global / sbtStructureOptions[0m
[0m[[0m[0mdebug[0m] [0m[0m[0m
[0m[[0m[0mdebug[0m] [0m[0mThe new value will be used by [0m
[0m[[0m[0mdebug[0m] [0m[0m	Global / ssOptions[0m
[0m[[0m[0minfo[0m] [0m[0mReapplying settings...[0m
[0m[[0m[0minfo[0m] [0m[0mset current project to proyecto-funcional (in build file:/home/juan/Documentos/proyecto-funcional/)[0m
[0m[[0m[0mdebug[0m] [0m[0m> Exec(preferScala2, None, None)[0m
[0m[[0m[0mdebug[0m] [0m[0m> Exec(*/*:dumpStructureTo /tmp/sbt-structure.xml, None, None)[0m
[0m[[0m[0mdebug[0m] [0m[0mEvaluating tasks: Global / dumpStructureTo[0m
[0m[[0m[33mwarn[0m] [0m[0msbt 0.13 shell syntax is deprecated; use slash syntax instead: Global / dumpStructureTo[0m
[0m[[0m[0mdebug[0m] [0m[0mRunning task... Cancel: Signal, check cycles: false, forcegc: true[0m
[0m[[0m[0minfo[0m] [0m[0mdownloading https://repo1.maven.org/maven2/io/github/hughsimpson/scalameter_3/0.22.1/scalameter_3-0.22.1.pom[0m
[0m[[0m[0minfo[0m] [0m[0mdownloaded https://repo1.maven.org/maven2/io/github/hughsimpson/scalameter_3/0.22.1/scalameter_3-0.22.1.pom[0m
[0m[[0m[0minfo[0m] [0m[0mdownloading https://repo1.maven.org/maven2/io/github/hughsimpson/scalameter-core_3/0.22.1/scalameter-core_3-0.22.1.pom[0m
[0m[[0m[0minfo[0m] [0m[0mdownloading https://repo1.maven.org/maven2/org/scala-lang/modules/scala-parser-combinators_3/2.0.0/scala-parser-combinators_3-2.0.0.pom[0m
[0m[[0m[0minfo[0m] [0m[0mdownloading https://repo1.maven.org/maven2/org/scala-lang/modules/scala-xml_3/2.0.0/scala-xml_3-2.0.0.pom[0m
[0m[[0m[0minfo[0m] [0m[0mdownloading https://repo1.maven.org/maven2/commons-io/commons-io/2.4/commons-io-2.4.pom[0m
[0m[[0m[0minfo[0m] [0m[0mdownloading https://repo1.maven.org/maven2/com/fasterxml/jackson/module/jackson-module-scala_3/2.13.0/jackson-module-scala_3-2.13.0.pom[0m
[0m[[0m[0minfo[0m] [0m[0mdownloaded https://repo1.maven.org/maven2/io/github/hughsimpson/scalameter-core_3/0.22.1/scalameter-core_3-0.22.1.pom[0m
[0m[[0m[0minfo[0m] [0m[0mdownloaded https://repo1.maven.org/maven2/org/scala-lang/modules/scala-xml_3/2.0.0/scala-xml_3-2.0.0.pom[0m
[0m[[0m[0minfo[0m] [0m[0mdownloaded https://repo1.maven.org/maven2/org/scala-lang/modules/scala-parser-combinators_3/2.0.0/scala-parser-combinators_3-2.0.0.pom[0m
[0m[[0m[0minfo[0m] [0m[0mdownloaded https://repo1.maven.org/maven2/commons-io/commons-io/2.4/commons-io-2.4.pom[0m
[0m[[0m[0minfo[0m] [0m[0mdownloaded https://repo1.maven.org/maven2/com/fasterxml/jackson/module/jackson-module-scala_3/2.13.0/jackson-module-scala_3-2.13.0.pom[0m
[0m[[0m[0minfo[0m] [0m[0mdownloading https://repo1.maven.org/maven2/org/apache/commons/commons-parent/25/commons-parent-25.pom[0m
[0m[[0m[0minfo[0m] [0m[0mdownloaded https://repo1.maven.org/maven2/org/apache/commons/commons-parent/25/commons-parent-25.pom[0m
[0m[[0m[0minfo[0m] [0m[0mdownloading https://repo1.maven.org/maven2/org/apache/apache/9/apache-9.pom[0m
[0m[[0m[0minfo[0m] [0m[0mdownloaded https://repo1.maven.org/maven2/org/apache/apache/9/apache-9.pom[0m
[0m[[0m[0minfo[0m] [0m[0mdownloading https://repo1.maven.org/maven2/com/thoughtworks/paranamer/paranamer/2.8/paranamer-2.8.pom[0m
[0m[[0m[0minfo[0m] [0m[0mdownloading https://repo1.maven.org/maven2/com/fasterxml/jackson/core/jackson-core/2.13.0/jackson-core-2.13.0.pom[0m
[0m[[0m[0minfo[0m] [0m[0mdownloading https://repo1.maven.org/maven2/org/scala-lang/modules/scala-collection-compat_3/2.4.4/scala-collection-compat_3-2.4.4.pom[0m
[0m[[0m[0minfo[0m] [0m[0mdownloading https://repo1.maven.org/maven2/com/fasterxml/jackson/core/jackson-annotations/2.13.0/jackson-annotations-2.13.0.pom[0m
[0m[[0m[0minfo[0m] [0m[0mdownloading https://repo1.maven.org/maven2/com/fasterxml/jackson/core/jackson-databind/2.13.0/jackson-databind-2.13.0.pom[0m
[0m[[0m[0minfo[0m] [0m[0mdownloaded https://repo1.maven.org/maven2/com/fasterxml/jackson/core/jackson-core/2.13.0/jackson-core-2.13.0.pom[0m
[0m[[0m[0minfo[0m] [0m[0mdownloaded https://repo1.maven.org/maven2/com/fasterxml/jackson/core/jackson-annotations/2.13.0/jackson-annotations-2.13.0.pom[0m
[0m[[0m[0minfo[0m] [0m[0mdownloaded https://repo1.maven.org/maven2/org/scala-lang/modules/scala-collection-compat_3/2.4.4/scala-collection-compat_3-2.4.4.pom[0m
[0m[[0m[0minfo[0m] [0m[0mdownloaded https://repo1.maven.org/maven2/com/thoughtworks/paranamer/paranamer/2.8/paranamer-2.8.pom[0m
[0m[[0m[0minfo[0m] [0m[0mdownloaded https://repo1.maven.org/maven2/com/fasterxml/jackson/core/jackson-databind/2.13.0/jackson-databind-2.13.0.pom[0m
[0m[[0m[0minfo[0m] [0m[0mdownloading https://repo1.maven.org/maven2/com/thoughtworks/paranamer/paranamer-parent/2.8/paranamer-parent-2.8.pom[0m
[0m[[0m[0minfo[0m] [0m[0mdownloading https://repo1.maven.org/maven2/com/fasterxml/jackson/jackson-base/2.13.0/jackson-base-2.13.0.pom[0m
[0m[[0m[0minfo[0m] [0m[0mdownloaded https://repo1.maven.org/maven2/com/fasterxml/jackson/jackson-base/2.13.0/jackson-base-2.13.0.pom[0m
[0m[[0m[0minfo[0m] [0m[0mdownloaded https://repo1.maven.org/maven2/com/thoughtworks/paranamer/paranamer-parent/2.8/paranamer-parent-2.8.pom[0m
[0m[[0m[0minfo[0m] [0m[0mdownloading https://repo1.maven.org/maven2/com/fasterxml/jackson/jackson-bom/2.13.0/jackson-bom-2.13.0.pom[0m
[0m[[0m[0minfo[0m] [0m[0mdownloaded https://repo1.maven.org/maven2/com/fasterxml/jackson/jackson-bom/2.13.0/jackson-bom-2.13.0.pom[0m
[0m[[0m[0minfo[0m] [0m[0mdownloading https://repo1.maven.org/maven2/com/fasterxml/jackson/core/jackson-databind/2.13.0/jackson-databind-2.13.0.jar[0m
[0m[[0m[0minfo[0m] [0m[0mdownloading https://repo1.maven.org/maven2/com/fasterxml/jackson/core/jackson-annotations/2.13.0/jackson-annotations-2.13.0.jar[0m
[0m[[0m[0minfo[0m] [0m[0mdownloading https://repo1.maven.org/maven2/org/scala-lang/modules/scala-collection-compat_3/2.4.4/scala-collection-compat_3-2.4.4.jar[0m
[0m[[0m[0minfo[0m] [0m[0mdownloading https://repo1.maven.org/maven2/org/scala-lang/modules/scala-xml_3/2.0.0/scala-xml_3-2.0.0.jar[0m
[0m[[0m[0minfo[0m] [0m[0mdownloading https://repo1.maven.org/maven2/io/github/hughsimpson/scalameter_3/0.22.1/scalameter_3-0.22.1.jar[0m
[0m[[0m[0minfo[0m] [0m[0mdownloading https://repo1.maven.org/maven2/com/fasterxml/jackson/core/jackson-core/2.13.0/jackson-core-2.13.0.jar[0m
[0m[[0m[0minfo[0m] [0m[0mdownloaded https://repo1.maven.org/maven2/org/scala-lang/modules/scala-collection-compat_3/2.4.4/scala-collection-compat_3-2.4.4.jar[0m
[0m[[0m[0minfo[0m] [0m[0mdownloading https://repo1.maven.org/maven2/io/github/hughsimpson/scalameter-core_3/0.22.1/scalameter-core_3-0.22.1.jar[0m
[0m[[0m[0minfo[0m] [0m[0mdownloaded https://repo1.maven.org/maven2/com/fasterxml/jackson/core/jackson-annotations/2.13.0/jackson-annotations-2.13.0.jar[0m
[0m[[0m[0minfo[0m] [0m[0mdownloading https://repo1.maven.org/maven2/com/thoughtworks/paranamer/paranamer/2.8/paranamer-2.8.jar[0m
[0m[[0m[0minfo[0m] [0m[0mdownloaded https://repo1.maven.org/maven2/com/thoughtworks/paranamer/paranamer/2.8/paranamer-2.8.jar[0m
[0m[[0m[0minfo[0m] [0m[0mdownloading https://repo1.maven.org/maven2/com/fasterxml/jackson/module/jackson-module-scala_3/2.13.0/jackson-module-scala_3-2.13.0.jar[0m
[0m[[0m[0minfo[0m] [0m[0mdownloaded https://repo1.maven.org/maven2/org/scala-lang/modules/scala-xml_3/2.0.0/scala-xml_3-2.0.0.jar[0m
[0m[[0m[0minfo[0m] [0m[0mdownloading https://repo1.maven.org/maven2/org/scala-lang/modules/scala-parser-combinators_3/2.0.0/scala-parser-combinators_3-2.0.0.jar[0m
[0m[[0m[0minfo[0m] [0m[0mdownloaded https://repo1.maven.org/maven2/com/fasterxml/jackson/core/jackson-core/2.13.0/jackson-core-2.13.0.jar[0m
[0m[[0m[0minfo[0m] [0m[0mdownloading https://repo1.maven.org/maven2/commons-io/commons-io/2.4/commons-io-2.4.jar[0m
[0m[[0m[0minfo[0m] [0m[0mdownloaded https://repo1.maven.org/maven2/com/fasterxml/jackson/core/jackson-databind/2.13.0/jackson-databind-2.13.0.jar[0m
[0m[[0m[0minfo[0m] [0m[0mdownloading https://repo1.maven.org/maven2/org/scala-lang/modules/scala-parallel-collections_3/1.0.4/scala-parallel-collections_3-1.0.4.jar[0m
[0m[[0m[0minfo[0m] [0m[0mdownloaded https://repo1.maven.org/maven2/org/scala-lang/modules/scala-parser-combinators_3/2.0.0/scala-parser-combinators_3-2.0.0.jar[0m
[0m[[0m[0minfo[0m] [0m[0mdownloaded https://repo1.maven.org/maven2/io/github/hughsimpson/scalameter-core_3/0.22.1/scalameter-core_3-0.22.1.jar[0m
[0m[[0m[0minfo[0m] [0m[0mdownloaded https://repo1.maven.org/maven2/com/fasterxml/jackson/module/jackson-module-scala_3/2.13.0/jackson-module-scala_3-2.13.0.jar[0m
[0m[[0m[0minfo[0m] [0m[0mdownloaded https://repo1.maven.org/maven2/commons-io/commons-io/2.4/commons-io-2.4.jar[0m
[0m[[0m[0minfo[0m] [0m[0mdownloaded https://repo1.maven.org/maven2/io/github/hughsimpson/scalameter_3/0.22.1/scalameter_3-0.22.1.jar[0m
[0m[[0m[0minfo[0m] [0m[0mdownloaded https://repo1.maven.org/maven2/org/scala-lang/modules/scala-parallel-collections_3/1.0.4/scala-parallel-collections_3-1.0.4.jar[0m
[0m[[0m[0minfo[0m] [0m[0mdownloading https://repo1.maven.org/maven2/com/thoughtworks/paranamer/paranamer/2.8/paranamer-2.8-sources.jar[0m
[0m[[0m[0minfo[0m] [0m[0mdownloading https://repo1.maven.org/maven2/com/fasterxml/jackson/core/jackson-databind/2.13.0/jackson-databind-2.13.0-sources.jar[0m
[0m[[0m[0minfo[0m] [0m[0mdownloading https://repo1.maven.org/maven2/com/fasterxml/jackson/module/jackson-module-scala_3/2.13.0/jackson-module-scala_3-2.13.0-sources.jar[0m
[0m[[0m[0minfo[0m] [0m[0mdownloading https://repo1.maven.org/maven2/org/scala-lang/modules/scala-parser-combinators_3/2.0.0/scala-parser-combinators_3-2.0.0-sources.jar[0m
[0m[[0m[0minfo[0m] [0m[0mdownloading https://repo1.maven.org/maven2/io/github/hughsimpson/scalameter-core_3/0.22.1/scalameter-core_3-0.22.1-sources.jar[0m
[0m[[0m[0minfo[0m] [0m[0mdownloading https://repo1.maven.org/maven2/org/scala-lang/modules/scala-collection-compat_3/2.4.4/scala-collection-compat_3-2.4.4-sources.jar[0m
[0m[[0m[0minfo[0m] [0m[0mdownloaded https://repo1.maven.org/maven2/com/thoughtworks/paranamer/paranamer/2.8/paranamer-2.8-sources.jar[0m
[0m[[0m[0minfo[0m] [0m[0mdownloading https://repo1.maven.org/maven2/org/scala-lang/modules/scala-parallel-collections_3/1.0.4/scala-parallel-collections_3-1.0.4-sources.jar[0m
[0m[[0m[0minfo[0m] [0m[0mdownloaded https://repo1.maven.org/maven2/org/scala-lang/modules/scala-parser-combinators_3/2.0.0/scala-parser-combinators_3-2.0.0-sources.jar[0m
[0m[[0m[0minfo[0m] [0m[0mdownloading https://repo1.maven.org/maven2/com/fasterxml/jackson/core/jackson-core/2.13.0/jackson-core-2.13.0-sources.jar[0m
[0m[[0m[0minfo[0m] [0m[0mdownloaded https://repo1.maven.org/maven2/io/github/hughsimpson/scalameter-core_3/0.22.1/scalameter-core_3-0.22.1-sources.jar[0m
[0m[[0m[0minfo[0m] [0m[0mdownloading https://repo1.maven.org/maven2/io/github/hughsimpson/scalameter_3/0.22.1/scalameter_3-0.22.1-sources.jar[0m
[0m[[0m[0minfo[0m] [0m[0mdownloaded https://repo1.maven.org/maven2/com/fasterxml/jackson/module/jackson-module-scala_3/2.13.0/jackson-module-scala_3-2.13.0-sources.jar[0m
[0m[[0m[0minfo[0m] [0m[0mdownloading https://repo1.maven.org/maven2/org/scala-lang/modules/scala-xml_3/2.0.0/scala-xml_3-2.0.0-sources.jar[0m
[0m[[0m[0minfo[0m] [0m[0mdownloaded https://repo1.maven.org/maven2/org/scala-lang/modules/scala-parallel-collections_3/1.0.4/scala-parallel-collections_3-1.0.4-sources.jar[0m
[0m[[0m[0minfo[0m] [0m[0mdownloading https://repo1.maven.org/maven2/com/fasterxml/jackson/core/jackson-annotations/2.13.0/jackson-annotations-2.13.0-sources.jar[0m
[0m[[0m[0minfo[0m] [0m[0mdownloaded https://repo1.maven.org/maven2/org/scala-lang/modules/scala-collection-compat_3/2.4.4/scala-collection-compat_3-2.4.4-sources.jar[0m
[0m[[0m[0minfo[0m] [0m[0mdownloaded https://repo1.maven.org/maven2/org/scala-lang/modules/scala-xml_3/2.0.0/scala-xml_3-2.0.0-sources.jar[0m
[0m[[0m[0minfo[0m] [0m[0mdownloading https://repo1.maven.org/maven2/commons-io/commons-io/2.4/commons-io-2.4-sources.jar[0m
[0m[[0m[0minfo[0m] [0m[0mdownloaded https://repo1.maven.org/maven2/com/fasterxml/jackson/core/jackson-annotations/2.13.0/jackson-annotations-2.13.0-sources.jar[0m
[0m[[0m[0minfo[0m] [0m[0mdownloaded https://repo1.maven.org/maven2/io/github/hughsimpson/scalameter_3/0.22.1/scalameter_3-0.22.1-sources.jar[0m
[0m[[0m[0minfo[0m] [0m[0mdownloaded https://repo1.maven.org/maven2/com/fasterxml/jackson/core/jackson-core/2.13.0/jackson-core-2.13.0-sources.jar[0m
[0m[[0m[0minfo[0m] [0m[0mdownloaded https://repo1.maven.org/maven2/commons-io/commons-io/2.4/commons-io-2.4-sources.jar[0m
[0m[[0m[0minfo[0m] [0m[0mdownloaded https://repo1.maven.org/maven2/com/fasterxml/jackson/core/jackson-databind/2.13.0/jackson-databind-2.13.0-sources.jar[0m
[0m[[0m[0minfo[0m] [0m[0mWriting structure to /tmp/sbt-structure.xml...[0m
[0m[[0m[0minfo[0m] [0m[0mDone.[0m
[0m[[0m[32msuccess[0m] [0m[0mTotal time: 7 s, completed 18 jul 2025, 12:28:40[0m
[0m[[0m[0mdebug[0m] [0m[0m> Exec(session clear-all, None, None)[0m
[0m[[0m[0minfo[0m] [0m[0mReapplying settings...[0m
[0m[[0m[0minfo[0m] [0m[0mset current project to proyecto-funcional (in build file:/home/juan/Documentos/proyecto-funcional/)[0m
[0m[[0m[0mdebug[0m] [0m[0m> Exec(idea-shell, None, None)[0m
