[debug] > Exec(early(addDefaultCommands), None, None)
[debug] > Exec(addDefaultCommands, None, None)
[debug] > Exec(early(initialize), None, None)
[debug] > Exec(initialize, None, None)
[debug] > Exec(early(addPluginSbtFile="""C:\Users\Owner\AppData\Local\Temp\idea.sbt"""), None, None)
[debug] > Exec(addPluginSbtFile="""C:\Users\Owner\AppData\Local\Temp\idea.sbt""", None, None)
[debug] > Exec(boot, None, None)
[debug] > Exec(writeSbtVersion, None, None)
[debug] > Exec(reload, None, None)
[debug] > Exec(sbtStashOnFailure, None, None)
[debug] > Exec(onFailure loadFailed, None, None)
[debug] > Exec(loadp, None, None)
[info] welcome to sbt 1.10.11 (BellSoft Java 21.0.7)
[debug] Load.defaultLoad until apply took 139.2746ms
[debug]           Load.loadUnit: plugins took 120.9227ms
[debug]           Load.loadUnit: defsScala took 0.4058ms
[debug] [Loading] Scanning directory C:\Users\Owner\Desktop\hola\project
[debug]             Load.loadUnit: mkEval took 5.5057ms
[debug] [Loading] Found non-root projects 
[debug] [Loading] Done in C:\Users\Owner\Desktop\hola\project, returning: ()
[debug] deducing auto plugins based on known facts Set(Atom(sbt.plugins.CorePlugin)) and clauses Clauses(Clause(Atom(sbt.plugins.JvmPlugin),Set(Atom(sbt.plugins.IvyPlugin)))
[debug] Clause(Atom(sbt.ScriptedPlugin),Set(Atom(sbt.plugins.JvmPlugin)))
[debug] Clause(Atom(sbt.plugins.SbtPlugin),Set(Atom(sbt.ScriptedPlugin)))
[debug] Clause(Atom(sbt.plugins.SemanticdbPlugin),Set(Atom(sbt.plugins.JvmPlugin)))
[debug] Clause(Atom(sbt.plugins.JUnitXmlReportPlugin),Set(Atom(sbt.plugins.JvmPlugin)))
[debug] Clause(Atom(sbt.plugins.MiniDependencyTreePlugin),Set(Atom(sbt.plugins.JvmPlugin)))
[debug] Clause(Atom(sbt.plugins.CorePlugin),Set(Atom(sbt.plugins.IvyPlugin)))
[debug] Clause(Atom(sbt.plugins.IvyPlugin),Set(Atom(sbt.plugins.JvmPlugin)))
[debug] Clause(Atom(sbt.plugins.JvmPlugin),Set(Atom(sbt.plugins.SemanticdbPlugin)))
[debug] Clause(Atom(sbt.plugins.JvmPlugin),Set(Atom(sbt.plugins.JUnitXmlReportPlugin)))
[debug] Clause(Atom(sbt.plugins.CorePlugin),Set(Atom(sbt.plugins.Giter8TemplatePlugin)))
[debug] Clause(Atom(sbt.plugins.JvmPlugin),Set(Atom(sbt.plugins.MiniDependencyTreePlugin))))
[debug]   :: deduced result: Matched(sbt.plugins.CorePlugin,sbt.plugins.Giter8TemplatePlugin,sbt.plugins.IvyPlugin,sbt.plugins.JvmPlugin,sbt.plugins.MiniDependencyTreePlugin,sbt.plugins.JUnitXmlReportPlugin,sbt.plugins.SemanticdbPlugin)
[debug] Plugins.deducer#function took 22.2732 ms
[info] loading settings for project hola-build from idea.sbt...
[debug]               Load.resolveProject(hola-build) took 53.9154ms
[debug]             Load.loadTransitive: finalizeProject(Project(id hola-build, base: C:\Users\Owner\Desktop\hola\project, plugins: List(<none>))) took 89.2503ms
[debug] [Loading] Done in C:\Users\Owner\Desktop\hola\project, returning: (hola-build)
[debug]           Load.loadUnit: loadedProjectsRaw took 4730.9729ms
[debug]           Load.loadUnit: cleanEvalClasses took 75.8113ms
[debug]         Load.loadUnit(file:/C:/Users/Owner/Desktop/hola/project/, ...) took 4936.515ms
[debug]       Load.apply: load took 5068.6068ms
[debug]       Load.apply: resolveProjects took 5.8463ms
[debug]       Load.apply: finalTransforms took 85.5217ms
[debug]       Load.apply: config.delegates took 16.7471ms
[debug]       Load.apply: Def.make(settings)... took 1158.6329ms
[debug]       Load.apply: structureIndex took 312.9289ms
[debug]       Load.apply: mkStreams took 14.6419ms
[info] loading project definition from C:\Users\Owner\Desktop\hola\project
[debug] Running task... Cancel: Signal, check cycles: false, forcegc: true
[debug]     Load.loadUnit: plugins took 9572.7116ms
[debug]     Load.loadUnit: defsScala took 0.01ms
[debug] [Loading] Scanning directory C:\Users\Owner\Desktop\hola
[debug]       Load.loadUnit: mkEval took 0.7875ms
[debug] [Loading] Found root project root w/ remaining 
[debug] deducing auto plugins based on known facts Set(Atom(sbt.plugins.CorePlugin)) and clauses Clauses(Clause(Atom(sbt.plugins.JvmPlugin),Set(Atom(sbt.plugins.IvyPlugin)))
[debug] Clause(Atom(sbt.ScriptedPlugin),Set(Atom(sbt.plugins.JvmPlugin)))
[debug] Clause(Atom(sbt.plugins.SbtPlugin),Set(Atom(sbt.ScriptedPlugin)))
[debug] Clause(Atom(sbt.plugins.SemanticdbPlugin),Set(Atom(sbt.plugins.JvmPlugin)))
[debug] Clause(Atom(sbt.plugins.JUnitXmlReportPlugin),Set(Atom(sbt.plugins.JvmPlugin)))
[debug] Clause(Atom(sbt.plugins.MiniDependencyTreePlugin),Set(Atom(sbt.plugins.JvmPlugin)))
[debug] Clause(Atom(org.jetbrains.sbt.StructurePlugin),Set(Atom(sbt.plugins.JvmPlugin)))
[debug] Clause(Atom(org.jetbrains.sbt.IdeaShellPlugin),Set(Atom(sbt.plugins.JvmPlugin)))
[debug] Clause(Atom(sbt.plugins.CorePlugin),Set(Atom(sbt.plugins.IvyPlugin)))
[debug] Clause(Atom(sbt.plugins.IvyPlugin),Set(Atom(sbt.plugins.JvmPlugin)))
[debug] Clause(Atom(sbt.plugins.JvmPlugin),Set(Atom(sbt.plugins.SemanticdbPlugin)))
[debug] Clause(Atom(sbt.plugins.JvmPlugin),Set(Atom(sbt.plugins.JUnitXmlReportPlugin)))
[debug] Clause(Atom(sbt.plugins.CorePlugin),Set(Atom(sbt.plugins.Giter8TemplatePlugin)))
[debug] Clause(Atom(sbt.plugins.JvmPlugin),Set(Atom(sbt.plugins.MiniDependencyTreePlugin)))
[debug] Clause(Atom(sbt.plugins.JvmPlugin),Set(Atom(org.jetbrains.sbt.StructurePlugin)))
[debug] Clause(Atom(sbt.plugins.JvmPlugin),Set(Atom(org.jetbrains.sbt.IdeaShellPlugin))))
[debug]   :: deduced result: Matched(sbt.plugins.CorePlugin,sbt.plugins.Giter8TemplatePlugin,sbt.plugins.IvyPlugin,sbt.plugins.JvmPlugin,sbt.plugins.SemanticdbPlugin,sbt.plugins.JUnitXmlReportPlugin,org.jetbrains.sbt.IdeaShellPlugin,org.jetbrains.sbt.StructurePlugin,sbt.plugins.MiniDependencyTreePlugin)
[debug] Plugins.deducer#function took 6.8248 ms
[info] loading settings for project root from build.sbt...
[debug]         Load.resolveProject(root) took 76.8075ms
[debug]       Load.loadTransitive: finalizeProject(Project(id root, base: C:\Users\Owner\Desktop\hola, plugins: List(<none>))) took 85.8292ms
[debug] [Loading] Done in C:\Users\Owner\Desktop\hola, returning: (root)
[debug]     Load.loadUnit: loadedProjectsRaw took 2439.9215ms
[debug]     Load.loadUnit: cleanEvalClasses took 25.4711ms
[debug]   Load.loadUnit(file:/C:/Users/Owner/Desktop/hola/, ...) took 12040.5118ms
[debug] Load.apply: load took 12073.2804ms
[debug] Load.apply: resolveProjects took 0.335ms
[debug] Load.apply: finalTransforms took 58.8371ms
[debug] Load.apply: config.delegates took 0.65ms
[debug] Load.apply: Def.make(settings)... took 177.3719ms
[debug] Load.apply: structureIndex took 47.9734ms
[debug] Load.apply: mkStreams took 0.0034ms
[info] set current project to proyecto-funcional (in build file:/C:/Users/Owner/Desktop/hola/)
[debug] > Exec(sbtPopOnFailure, None, None)
[debug] > Exec(resumeFromFailure, None, None)
[debug] > Exec(notifyUsersAboutShell, None, None)
[debug] > Exec(iflast shell, None, None)
[debug] > Exec(idea-shell, None, None)
