[debug] > Exec(early(addDefaultCommands), None, None)
[debug] > Exec(addDefaultCommands, None, None)
[debug] > Exec(early(initialize), None, None)
[debug] > Exec(initialize, None, None)
[debug] > Exec(boot, None, None)
[debug] > Exec(writeSbtVersion, None, None)
[debug] > Exec(reload, None, None)
[debug] > Exec(sbtStashOnFailure, None, None)
[debug] > Exec(onFailure loadFailed, None, None)
[debug] > Exec(loadp, None, None)
[info] welcome to sbt 1.10.11 (BellSoft Java 21.0.6)
[debug] Load.defaultLoad until apply took 70.319149ms
[debug]           Load.loadUnit: plugins took 60.169422ms
[debug]           Load.loadUnit: defsScala took 0.404558ms
[debug] [Loading] Scanning directory /home/juan/Documentos/proyecto-funcional/project
[debug] [Loading] Found non-root projects 
[debug] [Loading] Done in /home/juan/Documentos/proyecto-funcional/project, returning: ()
[debug] deducing auto plugins based on known facts Set(Atom(sbt.plugins.CorePlugin)) and clauses Clauses(Clause(Atom(sbt.plugins.JvmPlugin),Set(Atom(sbt.plugins.IvyPlugin)))
[debug] Clause(Atom(sbt.ScriptedPlugin),Set(Atom(sbt.plugins.JvmPlugin)))
[debug] Clause(Atom(sbt.plugins.SbtPlugin),Set(Atom(sbt.ScriptedPlugin)))
[debug] Clause(Atom(sbt.plugins.SemanticdbPlugin),Set(Atom(sbt.plugins.JvmPlugin)))
[debug] Clause(Atom(sbt.plugins.JUnitXmlReportPlugin),Set(Atom(sbt.plugins.JvmPlugin)))
[debug] Clause(Atom(sbt.plugins.MiniDependencyTreePlugin),Set(Atom(sbt.plugins.JvmPlugin)))
[debug] Clause(Atom(sbt.plugins.CorePlugin),Set(Atom(sbt.plugins.IvyPlugin)))
[debug] Clause(Atom(sbt.plugins.IvyPlugin),Set(Atom(sbt.plugins.JvmPlugin)))
[debug] Clause(Atom(sbt.plugins.JvmPlugin),Set(Atom(sbt.plugins.SemanticdbPlugin)))
[debug] Clause(Atom(sbt.plugins.JvmPlugin),Set(Atom(sbt.plugins.JUnitXmlReportPlugin)))
[debug] Clause(Atom(sbt.plugins.CorePlugin),Set(Atom(sbt.plugins.Giter8TemplatePlugin)))
[debug] Clause(Atom(sbt.plugins.JvmPlugin),Set(Atom(sbt.plugins.MiniDependencyTreePlugin))))
[debug]   :: deduced result: Matched(sbt.plugins.CorePlugin,sbt.plugins.Giter8TemplatePlugin,sbt.plugins.IvyPlugin,sbt.plugins.JvmPlugin,sbt.plugins.MiniDependencyTreePlugin,sbt.plugins.JUnitXmlReportPlugin,sbt.plugins.SemanticdbPlugin)
[debug] Plugins.deducer#function took 15.406678 ms
[debug]               Load.resolveProject(proyecto-funcional-build) took 41.699272ms
[debug]             Load.loadTransitive: finalizeProject(Project(id proyecto-funcional-build, base: /home/juan/Documentos/proyecto-funcional/project, plugins: List(<none>))) took 80.381415ms
[debug] [Loading] Done in /home/juan/Documentos/proyecto-funcional/project, returning: (proyecto-funcional-build)
[debug]           Load.loadUnit: loadedProjectsRaw took 103.740853ms
[debug]           Load.loadUnit: cleanEvalClasses took 0.225117ms
[debug]         Load.loadUnit(file:/home/juan/Documentos/proyecto-funcional/project/, ...) took 170.615789ms
[debug]       Load.apply: load took 335.608842ms
[debug]       Load.apply: resolveProjects took 7.628883ms
[debug]       Load.apply: finalTransforms took 75.96683ms
[debug]       Load.apply: config.delegates took 8.338515ms
[debug]       Load.apply: Def.make(settings)... took 336.198996ms
[debug]       Load.apply: structureIndex took 105.28605ms
[debug]       Load.apply: mkStreams took 0.983196ms
[info] loading project definition from /home/juan/Documentos/proyecto-funcional/project
[debug] Running task... Cancel: Signal, check cycles: false, forcegc: true
[debug]     Load.loadUnit: plugins took 1596.787992ms
[debug]     Load.loadUnit: defsScala took 0.003948ms
[debug] [Loading] Scanning directory /home/juan/Documentos/proyecto-funcional
[debug]       Load.loadUnit: mkEval took 4.175703ms
[debug] [Loading] Found root project root w/ remaining 
[debug] deducing auto plugins based on known facts Set(Atom(sbt.plugins.CorePlugin)) and clauses Clauses(Clause(Atom(sbt.plugins.JvmPlugin),Set(Atom(sbt.plugins.IvyPlugin)))
[debug] Clause(Atom(sbt.ScriptedPlugin),Set(Atom(sbt.plugins.JvmPlugin)))
[debug] Clause(Atom(sbt.plugins.SbtPlugin),Set(Atom(sbt.ScriptedPlugin)))
[debug] Clause(Atom(sbt.plugins.SemanticdbPlugin),Set(Atom(sbt.plugins.JvmPlugin)))
[debug] Clause(Atom(sbt.plugins.JUnitXmlReportPlugin),Set(Atom(sbt.plugins.JvmPlugin)))
[debug] Clause(Atom(sbt.plugins.MiniDependencyTreePlugin),Set(Atom(sbt.plugins.JvmPlugin)))
[debug] Clause(Atom(sbt.plugins.CorePlugin),Set(Atom(sbt.plugins.IvyPlugin)))
[debug] Clause(Atom(sbt.plugins.IvyPlugin),Set(Atom(sbt.plugins.JvmPlugin)))
[debug] Clause(Atom(sbt.plugins.JvmPlugin),Set(Atom(sbt.plugins.SemanticdbPlugin)))
[debug] Clause(Atom(sbt.plugins.JvmPlugin),Set(Atom(sbt.plugins.JUnitXmlReportPlugin)))
[debug] Clause(Atom(sbt.plugins.CorePlugin),Set(Atom(sbt.plugins.Giter8TemplatePlugin)))
[debug] Clause(Atom(sbt.plugins.JvmPlugin),Set(Atom(sbt.plugins.MiniDependencyTreePlugin))))
[debug]   :: deduced result: Matched(sbt.plugins.CorePlugin,sbt.plugins.Giter8TemplatePlugin,sbt.plugins.IvyPlugin,sbt.plugins.JvmPlugin,sbt.plugins.MiniDependencyTreePlugin,sbt.plugins.JUnitXmlReportPlugin,sbt.plugins.SemanticdbPlugin)
[debug] Plugins.deducer#function took 2.141951 ms
[info] loading settings for project root from build.sbt...
[debug]         Load.resolveProject(root) took 2.911266ms
[debug]       Load.loadTransitive: finalizeProject(Project(id root, base: /home/juan/Documentos/proyecto-funcional, plugins: List(<none>))) took 6.274617ms
[debug] [Loading] Done in /home/juan/Documentos/proyecto-funcional, returning: (root)
[debug]     Load.loadUnit: loadedProjectsRaw took 2226.856818ms
[debug]     Load.loadUnit: cleanEvalClasses took 4.705166ms
[debug]   Load.loadUnit(file:/home/juan/Documentos/proyecto-funcional/, ...) took 3829.492019ms
[debug] Load.apply: load took 3842.36024ms
[debug] Load.apply: resolveProjects took 0.107306ms
[debug] Load.apply: finalTransforms took 24.093759ms
[debug] Load.apply: config.delegates took 0.362523ms
[debug] Load.apply: Def.make(settings)... took 90.393192ms
[debug] Load.apply: structureIndex took 38.134449ms
[debug] Load.apply: mkStreams took 0.00254ms
[info] set current project to proyecto-funcional (in build file:/home/juan/Documentos/proyecto-funcional/)
[debug] > Exec(sbtPopOnFailure, None, None)
[debug] > Exec(resumeFromFailure, None, None)
[debug] > Exec(notifyUsersAboutShell, None, None)
[debug] > Exec(iflast shell, None, None)
[debug] > Exec(shell, None, None)
[info] sbt server started at local:///home/juan/.sbt/1.0/server/3fd3b51323ab875e115c/sock
[debug] Writing bsp connection file
[info] started sbt server
[debug] Forcing garbage collection...
[info] shutting down sbt server
