[debug] > Exec(;reload; set _root_.org.jetbrains.sbt.StructureKeys.sbtStructureOptions in Global := "download, resolveSourceClassifiers" ;preferScala2;*/*:dumpStructureTo C:/Users/Owner/AppData/Local/Temp/sbt-structure.xml; session clear-all, None, None)
[debug] > Exec(reload, None, None)
[debug] > Exec(sbtStashOnFailure, None, None)
[debug] > Exec(onFailure loadFailed, None, None)
[debug] > Exec(loadp, None, None)
[info] welcome to sbt 1.10.11 (BellSoft Java 21.0.7)
[debug] Load.defaultLoad until apply took 2.7164ms
[debug]           Load.loadUnit: plugins took 25.7022ms
[debug]           Load.loadUnit: defsScala took 0.0074ms
[debug] [Loading] Scanning directory C:\Users\Owner\Desktop\hola\project
[debug]             Load.loadUnit: mkEval took 0.2999ms
[debug] [Loading] Found non-root projects 
[debug] [Loading] Done in C:\Users\Owner\Desktop\hola\project, returning: ()
[debug] deducing auto plugins based on known facts Set(Atom(sbt.plugins.CorePlugin)) and clauses Clauses(Clause(Atom(sbt.plugins.JvmPlugin),Set(Atom(sbt.plugins.IvyPlugin)))
[debug] Clause(Atom(sbt.ScriptedPlugin),Set(Atom(sbt.plugins.JvmPlugin)))
[debug] Clause(Atom(sbt.plugins.SbtPlugin),Set(Atom(sbt.ScriptedPlugin)))
[debug] Clause(Atom(sbt.plugins.SemanticdbPlugin),Set(Atom(sbt.plugins.JvmPlugin)))
[debug] Clause(Atom(sbt.plugins.JUnitXmlReportPlugin),Set(Atom(sbt.plugins.JvmPlugin)))
[debug] Clause(Atom(sbt.plugins.MiniDependencyTreePlugin),Set(Atom(sbt.plugins.JvmPlugin)))
[debug] Clause(Atom(sbt.plugins.CorePlugin),Set(Atom(sbt.plugins.IvyPlugin)))
[debug] Clause(Atom(sbt.plugins.IvyPlugin),Set(Atom(sbt.plugins.JvmPlugin)))
[debug] Clause(Atom(sbt.plugins.JvmPlugin),Set(Atom(sbt.plugins.SemanticdbPlugin)))
[debug] Clause(Atom(sbt.plugins.JvmPlugin),Set(Atom(sbt.plugins.JUnitXmlReportPlugin)))
[debug] Clause(Atom(sbt.plugins.CorePlugin),Set(Atom(sbt.plugins.Giter8TemplatePlugin)))
[debug] Clause(Atom(sbt.plugins.JvmPlugin),Set(Atom(sbt.plugins.MiniDependencyTreePlugin))))
[debug]   :: deduced result: Matched(sbt.plugins.CorePlugin,sbt.plugins.Giter8TemplatePlugin,sbt.plugins.IvyPlugin,sbt.plugins.JvmPlugin,sbt.plugins.MiniDependencyTreePlugin,sbt.plugins.JUnitXmlReportPlugin,sbt.plugins.SemanticdbPlugin)
[debug] Plugins.deducer#function took 5.0472 ms
[info] loading settings for project hola-build from idea.sbt...
[debug]               Load.resolveProject(hola-build) took 1.4532ms
[debug]             Load.loadTransitive: finalizeProject(Project(id hola-build, base: C:\Users\Owner\Desktop\hola\project, plugins: List(<none>))) took 7.4345ms
[debug] [Loading] Done in C:\Users\Owner\Desktop\hola\project, returning: (hola-build)
[debug]           Load.loadUnit: loadedProjectsRaw took 50.1776ms
[debug]           Load.loadUnit: cleanEvalClasses took 3.2048ms
[debug]         Load.loadUnit(file:/C:/Users/Owner/Desktop/hola/project/, ...) took 80.2953ms
[debug]       Load.apply: load took 82.1575ms
[debug]       Load.apply: resolveProjects took 0.1005ms
[debug]       Load.apply: finalTransforms took 6.2728ms
[debug]       Load.apply: config.delegates took 0.2865ms
[debug]       Load.apply: Def.make(settings)... took 53.9531ms
[debug]       Load.apply: structureIndex took 26.6381ms
[debug]       Load.apply: mkStreams took 0.0033ms
[info] loading project definition from C:\Users\Owner\Desktop\hola\project
[debug] Running task... Cancel: Signal, check cycles: false, forcegc: true
[debug]     Load.loadUnit: plugins took 493.4839ms
[debug]     Load.loadUnit: defsScala took 0.0022ms
[debug] [Loading] Scanning directory C:\Users\Owner\Desktop\hola
[debug]       Load.loadUnit: mkEval took 0.6375ms
[debug] [Loading] Found root project root w/ remaining 
[debug] deducing auto plugins based on known facts Set(Atom(sbt.plugins.CorePlugin)) and clauses Clauses(Clause(Atom(sbt.plugins.JvmPlugin),Set(Atom(sbt.plugins.IvyPlugin)))
[debug] Clause(Atom(sbt.ScriptedPlugin),Set(Atom(sbt.plugins.JvmPlugin)))
[debug] Clause(Atom(sbt.plugins.SbtPlugin),Set(Atom(sbt.ScriptedPlugin)))
[debug] Clause(Atom(sbt.plugins.SemanticdbPlugin),Set(Atom(sbt.plugins.JvmPlugin)))
[debug] Clause(Atom(sbt.plugins.JUnitXmlReportPlugin),Set(Atom(sbt.plugins.JvmPlugin)))
[debug] Clause(Atom(sbt.plugins.MiniDependencyTreePlugin),Set(Atom(sbt.plugins.JvmPlugin)))
[debug] Clause(Atom(org.jetbrains.sbt.StructurePlugin),Set(Atom(sbt.plugins.JvmPlugin)))
[debug] Clause(Atom(org.jetbrains.sbt.IdeaShellPlugin),Set(Atom(sbt.plugins.JvmPlugin)))
[debug] Clause(Atom(sbt.plugins.CorePlugin),Set(Atom(sbt.plugins.IvyPlugin)))
[debug] Clause(Atom(sbt.plugins.IvyPlugin),Set(Atom(sbt.plugins.JvmPlugin)))
[debug] Clause(Atom(sbt.plugins.JvmPlugin),Set(Atom(sbt.plugins.SemanticdbPlugin)))
[debug] Clause(Atom(sbt.plugins.JvmPlugin),Set(Atom(sbt.plugins.JUnitXmlReportPlugin)))
[debug] Clause(Atom(sbt.plugins.CorePlugin),Set(Atom(sbt.plugins.Giter8TemplatePlugin)))
[debug] Clause(Atom(sbt.plugins.JvmPlugin),Set(Atom(sbt.plugins.MiniDependencyTreePlugin)))
[debug] Clause(Atom(sbt.plugins.JvmPlugin),Set(Atom(org.jetbrains.sbt.StructurePlugin)))
[debug] Clause(Atom(sbt.plugins.JvmPlugin),Set(Atom(org.jetbrains.sbt.IdeaShellPlugin))))
[debug]   :: deduced result: Matched(sbt.plugins.CorePlugin,sbt.plugins.Giter8TemplatePlugin,sbt.plugins.IvyPlugin,sbt.plugins.JvmPlugin,sbt.plugins.SemanticdbPlugin,sbt.plugins.JUnitXmlReportPlugin,org.jetbrains.sbt.IdeaShellPlugin,org.jetbrains.sbt.StructurePlugin,sbt.plugins.MiniDependencyTreePlugin)
[debug] Plugins.deducer#function took 2.8099 ms
[info] loading settings for project root from build.sbt...
[debug]         Load.resolveProject(root) took 26.6851ms
[debug]       Load.loadTransitive: finalizeProject(Project(id root, base: C:\Users\Owner\Desktop\hola, plugins: List(<none>))) took 30.3573ms
[debug] [Loading] Done in C:\Users\Owner\Desktop\hola, returning: (root)
[debug]     Load.loadUnit: loadedProjectsRaw took 104.4382ms
[debug]     Load.loadUnit: cleanEvalClasses took 7.6189ms
[debug]   Load.loadUnit(file:/C:/Users/Owner/Desktop/hola/, ...) took 606.4555ms
[debug] Load.apply: load took 608.1435ms
[debug] Load.apply: resolveProjects took 0.0932ms
[debug] Load.apply: finalTransforms took 18.8948ms
[debug] Load.apply: config.delegates took 0.5297ms
[debug] Load.apply: Def.make(settings)... took 89.4342ms
[debug] Load.apply: structureIndex took 25.3263ms
[debug] Load.apply: mkStreams took 0.0043ms
[info] set current project to proyecto-funcional (in build file:/C:/Users/Owner/Desktop/hola/)
[debug] > Exec(sbtPopOnFailure, None, None)
[debug] > Exec(resumeFromFailure, None, None)
[debug] > Exec(set _root_.org.jetbrains.sbt.StructureKeys.sbtStructureOptions in Global := "download, resolveSourceClassifiers", None, None)
[info] Defining Global / sbtStructureOptions
[info] The new value will be used by Global / ssOptions
[debug] Defining 
[debug] 	Global / sbtStructureOptions
[debug] 
[debug] The new value will be used by 
[debug] 	Global / ssOptions
[info] Reapplying settings...
[info] set current project to proyecto-funcional (in build file:/C:/Users/Owner/Desktop/hola/)
[debug] > Exec(preferScala2, None, None)
[debug] > Exec(*/*:dumpStructureTo C:/Users/Owner/AppData/Local/Temp/sbt-structure.xml, None, None)
[debug] Evaluating tasks: Global / dumpStructureTo
[warn] sbt 0.13 shell syntax is deprecated; use slash syntax instead: Global / dumpStructureTo
[debug] Running task... Cancel: Signal, check cycles: false, forcegc: true
[info] Writing structure to C:\Users\Owner\AppData\Local\Temp\sbt-structure.xml...
[info] Done.
[success] Total time: 3 s, completed 24/07/2025, 12:28:54 p. m.
[debug] > Exec(session clear-all, None, None)
[info] Reapplying settings...
[info] set current project to proyecto-funcional (in build file:/C:/Users/Owner/Desktop/hola/)
[debug] > Exec(idea-shell, None, None)
