[debug] > Exec(;reload; set _root_.org.jetbrains.sbt.StructureKeys.sbtStructureOptions in Global := "download, resolveSourceClassifiers" ;preferScala2;*/*:dumpStructureTo C:/Users/Owner/AppData/Local/Temp/sbt-structure.xml; session clear-all, None, None)
[debug] > Exec(reload, None, None)
[debug] > Exec(sbtStashOnFailure, None, None)
[debug] > Exec(onFailure loadFailed, None, None)
[debug] > Exec(loadp, None, None)
[info] welcome to sbt 1.10.11 (BellSoft Java 21.0.7)
[debug] Load.defaultLoad until apply took 2.9617ms
[debug]           Load.loadUnit: plugins took 22.8069ms
[debug]           Load.loadUnit: defsScala took 0.0111ms
[debug] [Loading] Scanning directory C:\Users\Owner\Desktop\hola\project
[debug]             Load.loadUnit: mkEval took 0.3892ms
[debug] [Loading] Found non-root projects 
[debug] [Loading] Done in C:\Users\Owner\Desktop\hola\project, returning: ()
[debug] deducing auto plugins based on known facts Set(Atom(sbt.plugins.CorePlugin)) and clauses Clauses(Clause(Atom(sbt.plugins.JvmPlugin),Set(Atom(sbt.plugins.IvyPlugin)))
[debug] Clause(Atom(sbt.ScriptedPlugin),Set(Atom(sbt.plugins.JvmPlugin)))
[debug] Clause(Atom(sbt.plugins.SbtPlugin),Set(Atom(sbt.ScriptedPlugin)))
[debug] Clause(Atom(sbt.plugins.SemanticdbPlugin),Set(Atom(sbt.plugins.JvmPlugin)))
[debug] Clause(Atom(sbt.plugins.JUnitXmlReportPlugin),Set(Atom(sbt.plugins.JvmPlugin)))
[debug] Clause(Atom(sbt.plugins.MiniDependencyTreePlugin),Set(Atom(sbt.plugins.JvmPlugin)))
[debug] Clause(Atom(sbt.plugins.CorePlugin),Set(Atom(sbt.plugins.IvyPlugin)))
[debug] Clause(Atom(sbt.plugins.IvyPlugin),Set(Atom(sbt.plugins.JvmPlugin)))
[debug] Clause(Atom(sbt.plugins.JvmPlugin),Set(Atom(sbt.plugins.SemanticdbPlugin)))
[debug] Clause(Atom(sbt.plugins.JvmPlugin),Set(Atom(sbt.plugins.JUnitXmlReportPlugin)))
[debug] Clause(Atom(sbt.plugins.CorePlugin),Set(Atom(sbt.plugins.Giter8TemplatePlugin)))
[debug] Clause(Atom(sbt.plugins.JvmPlugin),Set(Atom(sbt.plugins.MiniDependencyTreePlugin))))
[debug]   :: deduced result: Matched(sbt.plugins.CorePlugin,sbt.plugins.Giter8TemplatePlugin,sbt.plugins.IvyPlugin,sbt.plugins.JvmPlugin,sbt.plugins.MiniDependencyTreePlugin,sbt.plugins.JUnitXmlReportPlugin,sbt.plugins.SemanticdbPlugin)
[debug] Plugins.deducer#function took 1.7392 ms
[info] loading settings for project hola-build from idea.sbt...
[debug]               Load.resolveProject(hola-build) took 3.3799ms
[debug]             Load.loadTransitive: finalizeProject(Project(id hola-build, base: C:\Users\Owner\Desktop\hola\project, plugins: List(<none>))) took 5.5026ms
[debug] [Loading] Done in C:\Users\Owner\Desktop\hola\project, returning: (hola-build)
[debug]           Load.loadUnit: loadedProjectsRaw took 36.827ms
[debug]           Load.loadUnit: cleanEvalClasses took 2.9689ms
[debug]         Load.loadUnit(file:/C:/Users/Owner/Desktop/hola/project/, ...) took 64.1738ms
[debug]       Load.apply: load took 65.6554ms
[debug]       Load.apply: resolveProjects took 0.1936ms
[debug]       Load.apply: finalTransforms took 7.9158ms
[debug]       Load.apply: config.delegates took 0.2692ms
[debug]       Load.apply: Def.make(settings)... took 54.7513ms
[debug]       Load.apply: structureIndex took 26.4386ms
[debug]       Load.apply: mkStreams took 0.0031ms
[info] loading project definition from C:\Users\Owner\Desktop\hola\project
[debug] Running task... Cancel: Signal, check cycles: false, forcegc: true
[debug]     Load.loadUnit: plugins took 431.9088ms
[debug]     Load.loadUnit: defsScala took 0.0044ms
[debug] [Loading] Scanning directory C:\Users\Owner\Desktop\hola
[debug]       Load.loadUnit: mkEval took 0.5329ms
[debug] [Loading] Found root project root w/ remaining 
[debug] deducing auto plugins based on known facts Set(Atom(sbt.plugins.CorePlugin)) and clauses Clauses(Clause(Atom(sbt.plugins.JvmPlugin),Set(Atom(sbt.plugins.IvyPlugin)))
[debug] Clause(Atom(sbt.ScriptedPlugin),Set(Atom(sbt.plugins.JvmPlugin)))
[debug] Clause(Atom(sbt.plugins.SbtPlugin),Set(Atom(sbt.ScriptedPlugin)))
[debug] Clause(Atom(sbt.plugins.SemanticdbPlugin),Set(Atom(sbt.plugins.JvmPlugin)))
[debug] Clause(Atom(sbt.plugins.JUnitXmlReportPlugin),Set(Atom(sbt.plugins.JvmPlugin)))
[debug] Clause(Atom(sbt.plugins.MiniDependencyTreePlugin),Set(Atom(sbt.plugins.JvmPlugin)))
[debug] Clause(Atom(org.jetbrains.sbt.StructurePlugin),Set(Atom(sbt.plugins.JvmPlugin)))
[debug] Clause(Atom(org.jetbrains.sbt.IdeaShellPlugin),Set(Atom(sbt.plugins.JvmPlugin)))
[debug] Clause(Atom(sbt.plugins.CorePlugin),Set(Atom(sbt.plugins.IvyPlugin)))
[debug] Clause(Atom(sbt.plugins.IvyPlugin),Set(Atom(sbt.plugins.JvmPlugin)))
[debug] Clause(Atom(sbt.plugins.JvmPlugin),Set(Atom(sbt.plugins.SemanticdbPlugin)))
[debug] Clause(Atom(sbt.plugins.JvmPlugin),Set(Atom(sbt.plugins.JUnitXmlReportPlugin)))
[debug] Clause(Atom(sbt.plugins.CorePlugin),Set(Atom(sbt.plugins.Giter8TemplatePlugin)))
[debug] Clause(Atom(sbt.plugins.JvmPlugin),Set(Atom(sbt.plugins.MiniDependencyTreePlugin)))
[debug] Clause(Atom(sbt.plugins.JvmPlugin),Set(Atom(org.jetbrains.sbt.StructurePlugin)))
[debug] Clause(Atom(sbt.plugins.JvmPlugin),Set(Atom(org.jetbrains.sbt.IdeaShellPlugin))))
[debug]   :: deduced result: Matched(sbt.plugins.CorePlugin,sbt.plugins.Giter8TemplatePlugin,sbt.plugins.IvyPlugin,sbt.plugins.JvmPlugin,sbt.plugins.SemanticdbPlugin,sbt.plugins.JUnitXmlReportPlugin,org.jetbrains.sbt.IdeaShellPlugin,org.jetbrains.sbt.StructurePlugin,sbt.plugins.MiniDependencyTreePlugin)
[debug] Plugins.deducer#function took 2.853 ms
[info] loading settings for project root from build.sbt...
[debug]         Load.resolveProject(root) took 22.3471ms
[debug]       Load.loadTransitive: finalizeProject(Project(id root, base: C:\Users\Owner\Desktop\hola, plugins: List(<none>))) took 26.0061ms
[debug] [Loading] Done in C:\Users\Owner\Desktop\hola, returning: (root)
[debug]     Load.loadUnit: loadedProjectsRaw took 75.457ms
[debug]     Load.loadUnit: cleanEvalClasses took 5.3126ms
[debug]   Load.loadUnit(file:/C:/Users/Owner/Desktop/hola/, ...) took 513.5597ms
[debug] Load.apply: load took 515.1935ms
[debug] Load.apply: resolveProjects took 0.1294ms
[debug] Load.apply: finalTransforms took 18.7013ms
[debug] Load.apply: config.delegates took 0.3716ms
[debug] Load.apply: Def.make(settings)... took 80.7065ms
[debug] Load.apply: structureIndex took 22.7867ms
[debug] Load.apply: mkStreams took 0.0039ms
[info] set current project to proyecto-funcional (in build file:/C:/Users/Owner/Desktop/hola/)
[debug] > Exec(sbtPopOnFailure, None, None)
[debug] > Exec(resumeFromFailure, None, None)
[debug] > Exec(set _root_.org.jetbrains.sbt.StructureKeys.sbtStructureOptions in Global := "download, resolveSourceClassifiers", None, None)
[info] Defining Global / sbtStructureOptions
[info] The new value will be used by Global / ssOptions
[debug] Defining 
[debug] 	Global / sbtStructureOptions
[debug] 
[debug] The new value will be used by 
[debug] 	Global / ssOptions
[info] Reapplying settings...
[info] set current project to proyecto-funcional (in build file:/C:/Users/Owner/Desktop/hola/)
[debug] > Exec(preferScala2, None, None)
[debug] > Exec(*/*:dumpStructureTo C:/Users/Owner/AppData/Local/Temp/sbt-structure.xml, None, None)
[debug] Evaluating tasks: Global / dumpStructureTo
[warn] sbt 0.13 shell syntax is deprecated; use slash syntax instead: Global / dumpStructureTo
[debug] Running task... Cancel: Signal, check cycles: false, forcegc: true
[info] downloading https://repo1.maven.org/maven2/io/spray/spray-json_2.13/1.3.5/spray-json_2.13-1.3.5-sources.jar
[info] downloading https://repo1.maven.org/maven2/com/fasterxml/jackson/module/jackson-module-scala_2.13/2.13.0/jackson-module-scala_2.13-2.13.0-sources.jar
[info] downloading https://repo1.maven.org/maven2/io/github/hughsimpson/scalameter-core_2.13/0.22.1/scalameter-core_2.13-0.22.1-sources.jar
[info] downloading https://repo1.maven.org/maven2/org/scala-lang/scala-reflect/2.13.12/scala-reflect-2.13.12-sources.jar
[info] downloading https://repo1.maven.org/maven2/org/scala-lang/scala-compiler/2.13.12/scala-compiler-2.13.12-sources.jar
[info] downloading https://repo1.maven.org/maven2/org/scala-lang/modules/scala-parallel-collections_2.13/1.0.4/scala-parallel-collections_2.13-1.0.4-sources.jar
[info] downloaded https://repo1.maven.org/maven2/io/spray/spray-json_2.13/1.3.5/spray-json_2.13-1.3.5-sources.jar
[info] downloading https://repo1.maven.org/maven2/io/github/java-diff-utils/java-diff-utils/4.12/java-diff-utils-4.12-sources.jar
[info] downloaded https://repo1.maven.org/maven2/com/fasterxml/jackson/module/jackson-module-scala_2.13/2.13.0/jackson-module-scala_2.13-2.13.0-sources.jar
[info] downloading https://repo1.maven.org/maven2/io/github/hughsimpson/scalameter_2.13/0.22.1/scalameter_2.13-0.22.1-sources.jar
[info] downloaded https://repo1.maven.org/maven2/org/scala-lang/modules/scala-parallel-collections_2.13/1.0.4/scala-parallel-collections_2.13-1.0.4-sources.jar
[info] downloading https://repo1.maven.org/maven2/net/java/dev/jna/jna/5.13.0/jna-5.13.0-sources.jar
[info] downloaded https://repo1.maven.org/maven2/io/github/hughsimpson/scalameter-core_2.13/0.22.1/scalameter-core_2.13-0.22.1-sources.jar
[info] downloading https://repo1.maven.org/maven2/org/jline/jline/3.22.0/jline-3.22.0-sources.jar
[info] downloaded https://repo1.maven.org/maven2/org/scala-lang/scala-reflect/2.13.12/scala-reflect-2.13.12-sources.jar
[info] downloading https://repo1.maven.org/maven2/org/scala-lang/scala-library/2.13.12/scala-library-2.13.12-sources.jar
[info] downloaded https://repo1.maven.org/maven2/io/github/java-diff-utils/java-diff-utils/4.12/java-diff-utils-4.12-sources.jar
[info] downloaded https://repo1.maven.org/maven2/net/java/dev/jna/jna/5.13.0/jna-5.13.0-sources.jar
[info] downloaded https://repo1.maven.org/maven2/org/jline/jline/3.22.0/jline-3.22.0-sources.jar
[info] downloaded https://repo1.maven.org/maven2/io/github/hughsimpson/scalameter_2.13/0.22.1/scalameter_2.13-0.22.1-sources.jar
[info] downloaded https://repo1.maven.org/maven2/org/scala-lang/scala-compiler/2.13.12/scala-compiler-2.13.12-sources.jar
[info] downloaded https://repo1.maven.org/maven2/org/scala-lang/scala-library/2.13.12/scala-library-2.13.12-sources.jar
[info] Writing structure to C:\Users\Owner\AppData\Local\Temp\sbt-structure.xml...
[info] Done.
[success] Total time: 4 s, completed 24/07/2025, 12:24:45 p. m.
[debug] > Exec(session clear-all, None, None)
[info] Reapplying settings...
[info] set current project to proyecto-funcional (in build file:/C:/Users/Owner/Desktop/hola/)
[debug] > Exec(idea-shell, None, None)
