[debug] > Exec(;reload; set _root_.org.jetbrains.sbt.StructureKeys.sbtStructureOptions in Global := "download, resolveSourceClassifiers, insertProjectTransitiveDependencies" ;preferScala2;*/*:dumpStructureTo C:/Users/jeanp/AppData/Local/Temp/sbt-structure.xml; session clear-all ; set ideaPort in Global := 50126, None, None)
[debug] > Exec(reload, None, None)
[debug] > Exec(sbtStashOnFailure, None, None)
[debug] > Exec(onFailure loadFailed, None, None)
[debug] > Exec(loadp, None, None)
[info] welcome to sbt 1.10.11 (BellSoft Java 21.0.7)
[debug] Load.defaultLoad until apply took 3.4953ms
[debug]           Load.loadUnit: plugins took 28.9523ms
[debug]           Load.loadUnit: defsScala took 0.0051ms
[debug] [Loading] Scanning directory C:\Users\jeanp\Documents\programming\University\proyecto-funcional\project
[debug]             Load.loadUnit: mkEval took 0.6859ms
[debug] [Loading] Found non-root projects 
[debug] [Loading] Done in C:\Users\jeanp\Documents\programming\University\proyecto-funcional\project, returning: ()
[debug] deducing auto plugins based on known facts Set(Atom(sbt.plugins.CorePlugin)) and clauses Clauses(Clause(Atom(sbt.plugins.JvmPlugin),Set(Atom(sbt.plugins.IvyPlugin)))
[debug] Clause(Atom(sbt.ScriptedPlugin),Set(Atom(sbt.plugins.JvmPlugin)))
[debug] Clause(Atom(sbt.plugins.SbtPlugin),Set(Atom(sbt.ScriptedPlugin)))
[debug] Clause(Atom(sbt.plugins.SemanticdbPlugin),Set(Atom(sbt.plugins.JvmPlugin)))
[debug] Clause(Atom(sbt.plugins.JUnitXmlReportPlugin),Set(Atom(sbt.plugins.JvmPlugin)))
[debug] Clause(Atom(sbt.plugins.MiniDependencyTreePlugin),Set(Atom(sbt.plugins.JvmPlugin)))
[debug] Clause(Atom(sbt.plugins.CorePlugin),Set(Atom(sbt.plugins.IvyPlugin)))
[debug] Clause(Atom(sbt.plugins.IvyPlugin),Set(Atom(sbt.plugins.JvmPlugin)))
[debug] Clause(Atom(sbt.plugins.JvmPlugin),Set(Atom(sbt.plugins.SemanticdbPlugin)))
[debug] Clause(Atom(sbt.plugins.JvmPlugin),Set(Atom(sbt.plugins.JUnitXmlReportPlugin)))
[debug] Clause(Atom(sbt.plugins.CorePlugin),Set(Atom(sbt.plugins.Giter8TemplatePlugin)))
[debug] Clause(Atom(sbt.plugins.JvmPlugin),Set(Atom(sbt.plugins.MiniDependencyTreePlugin))))
[debug]   :: deduced result: Matched(sbt.plugins.CorePlugin,sbt.plugins.Giter8TemplatePlugin,sbt.plugins.IvyPlugin,sbt.plugins.JvmPlugin,sbt.plugins.MiniDependencyTreePlugin,sbt.plugins.JUnitXmlReportPlugin,sbt.plugins.SemanticdbPlugin)
[debug] Plugins.deducer#function took 1.471 ms
[info] loading settings for project proyecto-funcional-build from idea.sbt...
[debug]               Load.resolveProject(proyecto-funcional-build) took 1.5543ms
[debug]             Load.loadTransitive: finalizeProject(Project(id proyecto-funcional-build, base: C:\Users\jeanp\Documents\programming\University\proyecto-funcional\project, plugins: List(<none>))) took 3.5803ms
[debug] [Loading] Done in C:\Users\jeanp\Documents\programming\University\proyecto-funcional\project, returning: (proyecto-funcional-build)
[debug]           Load.loadUnit: loadedProjectsRaw took 37.6996ms
[debug]           Load.loadUnit: cleanEvalClasses took 5.8976ms
[debug]         Load.loadUnit(file:/C:/Users/jeanp/Documents/programming/University/proyecto-funcional/project/, ...) took 73.5805ms
[debug]       Load.apply: load took 74.7694ms
[debug]       Load.apply: resolveProjects took 0.0969ms
[debug]       Load.apply: finalTransforms took 5.4325ms
[debug]       Load.apply: config.delegates took 0.341ms
[debug]       Load.apply: Def.make(settings)... took 38.7125ms
[debug]       Load.apply: structureIndex took 17.0541ms
[debug]       Load.apply: mkStreams took 0.003ms
[info] loading project definition from C:\Users\jeanp\Documents\programming\University\proyecto-funcional\project
[debug] Running task... Cancel: Signal, check cycles: false, forcegc: true
[debug]     Load.loadUnit: plugins took 377.5904ms
[debug]     Load.loadUnit: defsScala took 0.0043ms
[debug] [Loading] Scanning directory C:\Users\jeanp\Documents\programming\University\proyecto-funcional
[debug]       Load.loadUnit: mkEval took 0.3679ms
[debug] [Loading] Found root project root w/ remaining 
[debug] deducing auto plugins based on known facts Set(Atom(sbt.plugins.CorePlugin)) and clauses Clauses(Clause(Atom(sbt.plugins.JvmPlugin),Set(Atom(sbt.plugins.IvyPlugin)))
[debug] Clause(Atom(sbt.ScriptedPlugin),Set(Atom(sbt.plugins.JvmPlugin)))
[debug] Clause(Atom(sbt.plugins.SbtPlugin),Set(Atom(sbt.ScriptedPlugin)))
[debug] Clause(Atom(sbt.plugins.SemanticdbPlugin),Set(Atom(sbt.plugins.JvmPlugin)))
[debug] Clause(Atom(sbt.plugins.JUnitXmlReportPlugin),Set(Atom(sbt.plugins.JvmPlugin)))
[debug] Clause(Atom(sbt.plugins.MiniDependencyTreePlugin),Set(Atom(sbt.plugins.JvmPlugin)))
[debug] Clause(Atom(org.jetbrains.sbt.StructurePlugin),Set(Atom(sbt.plugins.JvmPlugin)))
[debug] Clause(Atom(org.jetbrains.sbt.IdeaShellPlugin),Set(Atom(sbt.plugins.JvmPlugin)))
[debug] Clause(Atom(org.jetbrains.sbt.indices.SbtIntellijIndicesPlugin),Set(Atom(sbt.plugins.JvmPlugin)))
[debug] Clause(Atom(sbt.plugins.CorePlugin),Set(Atom(sbt.plugins.IvyPlugin)))
[debug] Clause(Atom(sbt.plugins.IvyPlugin),Set(Atom(sbt.plugins.JvmPlugin)))
[debug] Clause(Atom(sbt.plugins.JvmPlugin),Set(Atom(sbt.plugins.SemanticdbPlugin)))
[debug] Clause(Atom(sbt.plugins.JvmPlugin),Set(Atom(sbt.plugins.JUnitXmlReportPlugin)))
[debug] Clause(Atom(sbt.plugins.CorePlugin),Set(Atom(sbt.plugins.Giter8TemplatePlugin)))
[debug] Clause(Atom(sbt.plugins.JvmPlugin),Set(Atom(sbt.plugins.MiniDependencyTreePlugin)))
[debug] Clause(Atom(sbt.plugins.JvmPlugin),Set(Atom(org.jetbrains.sbt.StructurePlugin)))
[debug] Clause(Atom(sbt.plugins.JvmPlugin),Set(Atom(org.jetbrains.sbt.IdeaShellPlugin)))
[debug] Clause(And(Set(Atom(sbt.plugins.CorePlugin), Atom(sbt.plugins.JvmPlugin))),Set(Atom(org.jetbrains.sbt.indices.SbtIntellijIndicesPlugin))))
[debug]   :: deduced result: Matched(sbt.plugins.CorePlugin,sbt.plugins.Giter8TemplatePlugin,sbt.plugins.IvyPlugin,sbt.plugins.JvmPlugin,sbt.plugins.SemanticdbPlugin,org.jetbrains.sbt.indices.SbtIntellijIndicesPlugin,sbt.plugins.JUnitXmlReportPlugin,org.jetbrains.sbt.IdeaShellPlugin,org.jetbrains.sbt.StructurePlugin,sbt.plugins.MiniDependencyTreePlugin)
[debug] Plugins.deducer#function took 2.6572 ms
[info] loading settings for project root from build.sbt...
[debug]         Load.resolveProject(root) took 40.532ms
[debug]       Load.loadTransitive: finalizeProject(Project(id root, base: C:\Users\jeanp\Documents\programming\University\proyecto-funcional, plugins: List(<none>))) took 44.0056ms
[debug] [Loading] Done in C:\Users\jeanp\Documents\programming\University\proyecto-funcional, returning: (root)
[debug]     Load.loadUnit: loadedProjectsRaw took 118.4969ms
[debug]     Load.loadUnit: cleanEvalClasses took 43.3612ms
[debug]   Load.loadUnit(file:/C:/Users/jeanp/Documents/programming/University/proyecto-funcional/, ...) took 540.7864ms
[debug] Load.apply: load took 543.1005ms
[debug] Load.apply: resolveProjects took 0.5621ms
[debug] Load.apply: finalTransforms took 39.8526ms
[debug] Load.apply: config.delegates took 0.378ms
[debug] Load.apply: Def.make(settings)... took 132.6317ms
[debug] Load.apply: structureIndex took 59.6768ms
[debug] Load.apply: mkStreams took 0.007ms
[warn] Discarding 1 session setting.  Use 'session save' to persist session settings.
[info] set current project to proyecto-funcional (in build file:/C:/Users/jeanp/Documents/programming/University/proyecto-funcional/)
[debug] > Exec(sbtPopOnFailure, None, None)
[debug] > Exec(resumeFromFailure, None, None)
[debug] > Exec(set _root_.org.jetbrains.sbt.StructureKeys.sbtStructureOptions in Global := "download, resolveSourceClassifiers, insertProjectTransitiveDependencies", None, None)
[info] Defining Global / sbtStructureOptions
[info] The new value will be used by Global / ssOptions
[debug] Defining 
[debug] 	Global / sbtStructureOptions
[debug] 
[debug] The new value will be used by 
[debug] 	Global / ssOptions
[info] Reapplying settings...
[info] set current project to proyecto-funcional (in build file:/C:/Users/jeanp/Documents/programming/University/proyecto-funcional/)
[debug] > Exec(preferScala2, None, None)
[debug] > Exec(*/*:dumpStructureTo C:/Users/jeanp/AppData/Local/Temp/sbt-structure.xml, None, None)
[debug] Evaluating tasks: Global / dumpStructureTo
[warn] sbt 0.13 shell syntax is deprecated; use slash syntax instead: Global / dumpStructureTo
[debug] Running task... Cancel: Signal, check cycles: false, forcegc: true
[info] Writing structure to C:\Users\jeanp\AppData\Local\Temp\sbt-structure.xml...
[info] Done.
[success] Total time: 3 s, completed Jul 19, 2025, 8:52:38 AM
[debug] > Exec(session clear-all, None, None)
[info] Reapplying settings...
[info] set current project to proyecto-funcional (in build file:/C:/Users/jeanp/Documents/programming/University/proyecto-funcional/)
[debug] > Exec(set ideaPort in Global := 50126, None, None)
[info] Defining Global / ideaPort
[info] The new value will be used by Compile / compile, Test / compile
[debug] Defining 
[debug] 	Global / ideaPort
[debug] 
[debug] The new value will be used by 
[debug] 	Compile / compile
[debug] 	Test / compile
[info] Reapplying settings...
[info] set current project to proyecto-funcional (in build file:/C:/Users/jeanp/Documents/programming/University/proyecto-funcional/)
[debug] > Exec(idea-shell, None, None)
