[debug] > Exec(early(addDefaultCommands), None, None)
[debug] > Exec(addDefaultCommands, None, None)
[debug] > Exec(early(initialize), None, None)
[debug] > Exec(initialize, None, None)
[debug] > Exec(early(addPluginSbtFile="""C:\Users\Owner\AppData\Local\Temp\idea.sbt"""), None, None)
[debug] > Exec(addPluginSbtFile="""C:\Users\Owner\AppData\Local\Temp\idea.sbt""", None, None)
[debug] > Exec(boot, None, None)
[debug] > Exec(writeSbtVersion, None, None)
[debug] > Exec(reload, None, None)
[debug] > Exec(sbtStashOnFailure, None, None)
[debug] > Exec(onFailure loadFailed, None, None)
[debug] > Exec(loadp, None, None)
[info] welcome to sbt 1.10.11 (BellSoft Java 21.0.7)
[debug] Load.defaultLoad until apply took 108.5591ms
[debug]           Load.loadUnit: plugins took 86.903ms
[debug]           Load.loadUnit: defsScala took 0.4925ms
[debug] [Loading] Scanning directory C:\Users\Owner\Desktop\hola\project
[debug]             Load.loadUnit: mkEval took 5.3794ms
[debug] [Loading] Found non-root projects 
[debug] [Loading] Done in C:\Users\Owner\Desktop\hola\project, returning: ()
[debug] deducing auto plugins based on known facts Set(Atom(sbt.plugins.CorePlugin)) and clauses Clauses(Clause(Atom(sbt.plugins.JvmPlugin),Set(Atom(sbt.plugins.IvyPlugin)))
[debug] Clause(Atom(sbt.ScriptedPlugin),Set(Atom(sbt.plugins.JvmPlugin)))
[debug] Clause(Atom(sbt.plugins.SbtPlugin),Set(Atom(sbt.ScriptedPlugin)))
[debug] Clause(Atom(sbt.plugins.SemanticdbPlugin),Set(Atom(sbt.plugins.JvmPlugin)))
[debug] Clause(Atom(sbt.plugins.JUnitXmlReportPlugin),Set(Atom(sbt.plugins.JvmPlugin)))
[debug] Clause(Atom(sbt.plugins.MiniDependencyTreePlugin),Set(Atom(sbt.plugins.JvmPlugin)))
[debug] Clause(Atom(sbt.plugins.CorePlugin),Set(Atom(sbt.plugins.IvyPlugin)))
[debug] Clause(Atom(sbt.plugins.IvyPlugin),Set(Atom(sbt.plugins.JvmPlugin)))
[debug] Clause(Atom(sbt.plugins.JvmPlugin),Set(Atom(sbt.plugins.SemanticdbPlugin)))
[debug] Clause(Atom(sbt.plugins.JvmPlugin),Set(Atom(sbt.plugins.JUnitXmlReportPlugin)))
[debug] Clause(Atom(sbt.plugins.CorePlugin),Set(Atom(sbt.plugins.Giter8TemplatePlugin)))
[debug] Clause(Atom(sbt.plugins.JvmPlugin),Set(Atom(sbt.plugins.MiniDependencyTreePlugin))))
[debug]   :: deduced result: Matched(sbt.plugins.CorePlugin,sbt.plugins.Giter8TemplatePlugin,sbt.plugins.IvyPlugin,sbt.plugins.JvmPlugin,sbt.plugins.MiniDependencyTreePlugin,sbt.plugins.JUnitXmlReportPlugin,sbt.plugins.SemanticdbPlugin)
[debug] Plugins.deducer#function took 19.9383 ms
[info] loading settings for project hola-build from idea.sbt...
[debug]               Load.resolveProject(hola-build) took 46.2184ms
[debug]             Load.loadTransitive: finalizeProject(Project(id hola-build, base: C:\Users\Owner\Desktop\hola\project, plugins: List(<none>))) took 86.3494ms
[debug] [Loading] Done in C:\Users\Owner\Desktop\hola\project, returning: (hola-build)
[debug]           Load.loadUnit: loadedProjectsRaw took 324.4026ms
[debug]           Load.loadUnit: cleanEvalClasses took 9.3336ms
[debug]         Load.loadUnit(file:/C:/Users/Owner/Desktop/hola/project/, ...) took 427.6448ms
[debug]       Load.apply: load took 599.7581ms
[debug]       Load.apply: resolveProjects took 7.9725ms
[debug]       Load.apply: finalTransforms took 64.6641ms
[debug]       Load.apply: config.delegates took 9.5195ms
[debug]       Load.apply: Def.make(settings)... took 748.3819ms
[debug]       Load.apply: structureIndex took 188.5602ms
[debug]       Load.apply: mkStreams took 6.2135ms
[info] loading project definition from C:\Users\Owner\Desktop\hola\project
[debug] Running task... Cancel: Signal, check cycles: false, forcegc: true
[debug]     Load.loadUnit: plugins took 2776.1602ms
[debug]     Load.loadUnit: defsScala took 0.0037ms
[debug] [Loading] Scanning directory C:\Users\Owner\Desktop\hola
[debug]       Load.loadUnit: mkEval took 0.3416ms
[debug] [Loading] Found root project root w/ remaining 
[debug] deducing auto plugins based on known facts Set(Atom(sbt.plugins.CorePlugin)) and clauses Clauses(Clause(Atom(sbt.plugins.JvmPlugin),Set(Atom(sbt.plugins.IvyPlugin)))
[debug] Clause(Atom(sbt.ScriptedPlugin),Set(Atom(sbt.plugins.JvmPlugin)))
[debug] Clause(Atom(sbt.plugins.SbtPlugin),Set(Atom(sbt.ScriptedPlugin)))
[debug] Clause(Atom(sbt.plugins.SemanticdbPlugin),Set(Atom(sbt.plugins.JvmPlugin)))
[debug] Clause(Atom(sbt.plugins.JUnitXmlReportPlugin),Set(Atom(sbt.plugins.JvmPlugin)))
[debug] Clause(Atom(sbt.plugins.MiniDependencyTreePlugin),Set(Atom(sbt.plugins.JvmPlugin)))
[debug] Clause(Atom(org.jetbrains.sbt.StructurePlugin),Set(Atom(sbt.plugins.JvmPlugin)))
[debug] Clause(Atom(org.jetbrains.sbt.IdeaShellPlugin),Set(Atom(sbt.plugins.JvmPlugin)))
[debug] Clause(Atom(sbt.plugins.CorePlugin),Set(Atom(sbt.plugins.IvyPlugin)))
[debug] Clause(Atom(sbt.plugins.IvyPlugin),Set(Atom(sbt.plugins.JvmPlugin)))
[debug] Clause(Atom(sbt.plugins.JvmPlugin),Set(Atom(sbt.plugins.SemanticdbPlugin)))
[debug] Clause(Atom(sbt.plugins.JvmPlugin),Set(Atom(sbt.plugins.JUnitXmlReportPlugin)))
[debug] Clause(Atom(sbt.plugins.CorePlugin),Set(Atom(sbt.plugins.Giter8TemplatePlugin)))
[debug] Clause(Atom(sbt.plugins.JvmPlugin),Set(Atom(sbt.plugins.MiniDependencyTreePlugin)))
[debug] Clause(Atom(sbt.plugins.JvmPlugin),Set(Atom(org.jetbrains.sbt.StructurePlugin)))
[debug] Clause(Atom(sbt.plugins.JvmPlugin),Set(Atom(org.jetbrains.sbt.IdeaShellPlugin))))
[debug]   :: deduced result: Matched(sbt.plugins.CorePlugin,sbt.plugins.Giter8TemplatePlugin,sbt.plugins.IvyPlugin,sbt.plugins.JvmPlugin,sbt.plugins.SemanticdbPlugin,sbt.plugins.JUnitXmlReportPlugin,org.jetbrains.sbt.IdeaShellPlugin,org.jetbrains.sbt.StructurePlugin,sbt.plugins.MiniDependencyTreePlugin)
[debug] Plugins.deducer#function took 3.7626 ms
[info] loading settings for project root from build.sbt...
[debug]         Load.resolveProject(root) took 26.1167ms
[debug]       Load.loadTransitive: finalizeProject(Project(id root, base: C:\Users\Owner\Desktop\hola, plugins: List(<none>))) took 31.0049ms
[debug] [Loading] Done in C:\Users\Owner\Desktop\hola, returning: (root)
[debug]     Load.loadUnit: loadedProjectsRaw took 3541.7537ms
[debug]     Load.loadUnit: cleanEvalClasses took 18.4844ms
[debug]   Load.loadUnit(file:/C:/Users/Owner/Desktop/hola/, ...) took 6338.1283ms
[debug] Load.apply: load took 6357.1772ms
[debug] Load.apply: resolveProjects took 0.2336ms
[debug] Load.apply: finalTransforms took 31.1324ms
[debug] Load.apply: config.delegates took 0.4252ms
[debug] Load.apply: Def.make(settings)... took 109.4133ms
[debug] Load.apply: structureIndex took 37.9741ms
[debug] Load.apply: mkStreams took 0.0055ms
[info] set current project to proyecto-funcional (in build file:/C:/Users/Owner/Desktop/hola/)
[debug] > Exec(sbtPopOnFailure, None, None)
[debug] > Exec(resumeFromFailure, None, None)
[debug] > Exec(notifyUsersAboutShell, None, None)
[debug] > Exec(iflast shell, None, None)
[debug] > Exec(idea-shell, None, None)
